This is pdfTeX, Version 3.14159265-2.6-1.40.17 (MiKTeX 2.9) (preloaded format=pdflatex 2016.7.3)  24 JUL 2016 00:27
entering extended mode
**./MtechIIReport.tex.
(MtechIIReport.tex.
LaTeX2e <2016/03/31> patch level 1
Babel <3.9r> and hyphenation patterns for 75 language(s) loaded.
("C:\Program Files\MiKTeX 2.9\tex\latex\base\report.cls"
Document Class: report 2014/09/29 v1.4h Standard LaTeX document class
("C:\Program Files\MiKTeX 2.9\tex\latex\base\size12.clo"
File: size12.clo 2014/09/29 v1.4h Standard LaTeX file (size option)
)
\c@part=\count79
\c@chapter=\count80
\c@section=\count81
\c@subsection=\count82
\c@subsubsection=\count83
\c@paragraph=\count84
\c@subparagraph=\count85
\c@figure=\count86
\c@table=\count87
\abovecaptionskip=\skip41
\belowcaptionskip=\skip42
\bibindent=\dimen102
)
("C:\Program Files\MiKTeX 2.9\tex\latex\geometry\geometry.sty"
Package: geometry 2010/09/12 v5.6 Page Geometry

("C:\Program Files\MiKTeX 2.9\tex\latex\graphics\keyval.sty"
Package: keyval 2014/10/28 v1.15 key=value parser (DPC)
\KV@toks@=\toks14
)
("C:\Program Files\MiKTeX 2.9\tex\generic\oberdiek\ifpdf.sty"
Package: ifpdf 2016/05/14 v3.1 Provides the ifpdf switch
)
("C:\Program Files\MiKTeX 2.9\tex\generic\oberdiek\ifvtex.sty"
Package: ifvtex 2016/05/16 v1.6 Detect VTeX and its facilities (HO)
Package ifvtex Info: VTeX not detected.
)
("C:\Program Files\MiKTeX 2.9\tex\generic\ifxetex\ifxetex.sty"
Package: ifxetex 2010/09/12 v0.6 Provides ifxetex conditional
)
\Gm@cnth=\count88
\Gm@cntv=\count89
\c@Gm@tempcnt=\count90
\Gm@bindingoffset=\dimen103
\Gm@wd@mp=\dimen104
\Gm@odd@mp=\dimen105
\Gm@even@mp=\dimen106
\Gm@layoutwidth=\dimen107
\Gm@layoutheight=\dimen108
\Gm@layouthoffset=\dimen109
\Gm@layoutvoffset=\dimen110
\Gm@dimlist=\toks15

("C:\Program Files\MiKTeX 2.9\tex\latex\geometry\geometry.cfg"))
("C:\Program Files\MiKTeX 2.9\tex\latex\graphics\graphicx.sty"
Package: graphicx 2014/10/28 v1.0g Enhanced LaTeX Graphics (DPC,SPQR)

("C:\Program Files\MiKTeX 2.9\tex\latex\graphics\graphics.sty"
Package: graphics 2016/06/02 v1.0s Standard LaTeX Graphics (DPC,SPQR)

("C:\Program Files\MiKTeX 2.9\tex\latex\graphics\trig.sty"
Package: trig 2016/01/03 v1.10 sin cos tan (DPC)
)
("C:\Program Files\MiKTeX 2.9\tex\latex\00miktex\graphics.cfg"
File: graphics.cfg 2016/06/04 v1.11 sample graphics configuration
)
Package graphics Info: Driver file: pdftex.def on input line 99.

("C:\Program Files\MiKTeX 2.9\tex\latex\pdftex-def\pdftex.def"
File: pdftex.def 2016/06/17 v0.06h Graphics/color for pdfTeX

("C:\Program Files\MiKTeX 2.9\tex\generic\oberdiek\infwarerr.sty"
Package: infwarerr 2016/05/16 v1.4 Providing info/warning/error messages (HO)
)
("C:\Program Files\MiKTeX 2.9\tex\generic\oberdiek\ltxcmds.sty"
Package: ltxcmds 2016/05/16 v1.23 LaTeX kernel commands for general use (HO)
)
\Gread@gobject=\count91
))
\Gin@req@height=\dimen111
\Gin@req@width=\dimen112
)
("C:\Program Files\MiKTeX 2.9\tex\latex\amsmath\amsmath.sty"
Package: amsmath 2016/03/10 v2.15b AMS math features
\@mathmargin=\skip43

For additional information on amsmath, use the `?' option.
("C:\Program Files\MiKTeX 2.9\tex\latex\amsmath\amstext.sty"
Package: amstext 2000/06/29 v2.01 AMS text

("C:\Program Files\MiKTeX 2.9\tex\latex\amsmath\amsgen.sty"
File: amsgen.sty 1999/11/30 v2.0 generic functions
\@emptytoks=\toks16
\ex@=\dimen113
))
("C:\Program Files\MiKTeX 2.9\tex\latex\amsmath\amsbsy.sty"
Package: amsbsy 1999/11/29 v1.2d Bold Symbols
\pmbraise@=\dimen114
)
("C:\Program Files\MiKTeX 2.9\tex\latex\amsmath\amsopn.sty"
Package: amsopn 2016/03/08 v2.02 operator names
)
\inf@bad=\count92
LaTeX Info: Redefining \frac on input line 199.
\uproot@=\count93
\leftroot@=\count94
LaTeX Info: Redefining \overline on input line 297.
\classnum@=\count95
\DOTSCASE@=\count96
LaTeX Info: Redefining \ldots on input line 394.
LaTeX Info: Redefining \dots on input line 397.
LaTeX Info: Redefining \cdots on input line 518.
\Mathstrutbox@=\box26
\strutbox@=\box27
\big@size=\dimen115
LaTeX Font Info:    Redeclaring font encoding OML on input line 634.
LaTeX Font Info:    Redeclaring font encoding OMS on input line 635.
\macc@depth=\count97
\c@MaxMatrixCols=\count98
\dotsspace@=\muskip10
\c@parentequation=\count99
\dspbrk@lvl=\count100
\tag@help=\toks17
\row@=\count101
\column@=\count102
\maxfields@=\count103
\andhelp@=\toks18
\eqnshift@=\dimen116
\alignsep@=\dimen117
\tagshift@=\dimen118
\tagwidth@=\dimen119
\totwidth@=\dimen120
\lineht@=\dimen121
\@envbody=\toks19
\multlinegap=\skip44
\multlinetaggap=\skip45
\mathdisplay@stack=\toks20
LaTeX Info: Redefining \[ on input line 2739.
LaTeX Info: Redefining \] on input line 2740.
)
(C:\Users\Administrator\AppData\Roaming\MiKTeX\2.9\tex\latex\was\gensymb.sty
Package: gensymb 2003/07/02 v1.0 (WaS)
)
(C:\Users\Administrator\AppData\Roaming\MiKTeX\2.9\tex\latex\cclicenses\cclicen
ses.sty
Package: cclicenses 2005/05/20 v0.4 CC licenses typesetting
 ("C:\Program Files\MiKTeX 2.9\tex\latex\graphics\rotating.sty"
Package: rotating 2016/05/22 v2.16c rotated objects in LaTeX

("C:\Program Files\MiKTeX 2.9\tex\latex\base\ifthen.sty"
Package: ifthen 2014/09/29 v1.1c Standard LaTeX ifthen package (DPC)
)
\c@r@tfl@t=\count104
\rotFPtop=\skip46
\rotFPbot=\skip47
\rot@float@box=\box28
\rot@mess@toks=\toks21
)
\chardim=\dimen122
\hdim=\dimen123
\htmp=\dimen124
\hpos=\count105
\vpos=\count106
)
(C:\Users\Administrator\AppData\Roaming\MiKTeX\2.9\tex\latex\listings\listings.
sty
\lst@mode=\count107
\lst@gtempboxa=\box29
\lst@token=\toks22
\lst@length=\count108
\lst@currlwidth=\dimen125
\lst@column=\count109
\lst@pos=\count110
\lst@lostspace=\dimen126
\lst@width=\dimen127
\lst@newlines=\count111
\lst@lineno=\count112
\lst@maxwidth=\dimen128

(C:\Users\Administrator\AppData\Roaming\MiKTeX\2.9\tex\latex\listings\lstmisc.s
ty
File: lstmisc.sty 2015/06/04 1.6 (Carsten Heinz)
\c@lstnumber=\count113
\lst@skipnumbers=\count114
\lst@framebox=\box30
)
(C:\Users\Administrator\AppData\Roaming\MiKTeX\2.9\tex\latex\listings\listings.
cfg
File: listings.cfg 2015/06/04 1.6 listings configuration
))
Package: listings 2015/06/04 1.6 (Carsten Heinz)

(C:\Users\Administrator\AppData\Roaming\MiKTeX\2.9\tex\latex\mdframed\mdframed.
sty
Package: mdframed 2013/07/01 1.9b: mdframed
 ("C:\Program Files\MiKTeX 2.9\tex\latex\oberdiek\kvoptions.sty"
Package: kvoptions 2016/05/16 v3.12 Key value format for package options (HO)

("C:\Program Files\MiKTeX 2.9\tex\generic\oberdiek\kvsetkeys.sty"
Package: kvsetkeys 2016/05/16 v1.17 Key value parser (HO)

("C:\Program Files\MiKTeX 2.9\tex\generic\oberdiek\etexcmds.sty"
Package: etexcmds 2016/05/16 v1.6 Avoid name clashes with e-TeX commands (HO)

("C:\Program Files\MiKTeX 2.9\tex\generic\oberdiek\ifluatex.sty"
Package: ifluatex 2016/05/16 v1.4 Provides the ifluatex switch (HO)
Package ifluatex Info: LuaTeX not detected.
)
Package etexcmds Info: Could not find \expanded.
(etexcmds)             That can mean that you are not using pdfTeX 1.50 or
(etexcmds)             that some package has redefined \expanded.
(etexcmds)             In the latter case, load this package earlier.
)))
(C:\Users\Administrator\AppData\Roaming\MiKTeX\2.9\tex\latex\l3packages\xparse\
xparse.sty
(C:\Users\Administrator\AppData\Roaming\MiKTeX\2.9\tex\latex\l3kernel\expl3.sty
Package: expl3 2016/05/18 v6512 L3 programming layer (loader) 

(C:\Users\Administrator\AppData\Roaming\MiKTeX\2.9\tex\latex\l3kernel\expl3-cod
e.tex
Package: expl3 2016/05/18 v6512 L3 programming layer (code)
L3 Module: l3bootstrap 2016/02/12 v6412 L3 Bootstrap code
L3 Module: l3names 2016/03/11 v6433 L3 Namespace for primitives
L3 Module: l3basics 2015/11/22 v6315 L3 Basic definitions
L3 Module: l3expan 2015/09/10 v5983 L3 Argument expansion
L3 Module: l3tl 2016/03/26 v6465 L3 Token lists
L3 Module: l3str 2016/03/24 v6441 L3 Strings
L3 Module: l3seq 2015/08/05 v5777 L3 Sequences and stacks
L3 Module: l3int 2016/03/24 v6441 L3 Integers
\c_max_int=\count115
\l_tmpa_int=\count116
\l_tmpb_int=\count117
\g_tmpa_int=\count118
\g_tmpb_int=\count119
L3 Module: l3quark 2015/08/17 v5855 L3 Quarks
L3 Module: l3prg 2015/11/01 v6216 L3 Control structures
\g__prg_map_int=\count120
L3 Module: l3clist 2015/09/02 v5901 L3 Comma separated lists
L3 Module: l3token 2016/04/03 v6470 L3 Experimental token manipulation
L3 Module: l3prop 2016/01/05 v6366 L3 Property lists
L3 Module: l3msg 2016/03/26 v6464 L3 Messages
L3 Module: l3file 2016/03/25 v6458 L3 File and I/O operations
\l_iow_line_count_int=\count121
\l__iow_target_count_int=\count122
\l__iow_current_line_int=\count123
\l__iow_current_word_int=\count124
\l__iow_current_indentation_int=\count125
L3 Module: l3skip 2016/01/05 v6366 L3 Dimensions and skips
\c_zero_dim=\dimen129
\c_max_dim=\dimen130
\l_tmpa_dim=\dimen131
\l_tmpb_dim=\dimen132
\g_tmpa_dim=\dimen133
\g_tmpb_dim=\dimen134
\c_zero_skip=\skip48
\c_max_skip=\skip49
\l_tmpa_skip=\skip50
\l_tmpb_skip=\skip51
\g_tmpa_skip=\skip52
\g_tmpb_skip=\skip53
\c_zero_muskip=\muskip11
\c_max_muskip=\muskip12
\l_tmpa_muskip=\muskip13
\l_tmpb_muskip=\muskip14
\g_tmpa_muskip=\muskip15
\g_tmpb_muskip=\muskip16
L3 Module: l3keys 2015/11/17 v6284 L3 Key-value interfaces
\g__keyval_level_int=\count126
\l_keys_choice_int=\count127
L3 Module: l3fp 2016/03/26 v6465 L3 Floating points
\c__fp_leading_shift_int=\count128
\c__fp_middle_shift_int=\count129
\c__fp_trailing_shift_int=\count130
\c__fp_big_leading_shift_int=\count131
\c__fp_big_middle_shift_int=\count132
\c__fp_big_trailing_shift_int=\count133
\c__fp_Bigg_leading_shift_int=\count134
\c__fp_Bigg_middle_shift_int=\count135
\c__fp_Bigg_trailing_shift_int=\count136
L3 Module: l3box 2015/08/09 v5822 L3 Experimental boxes
\c_empty_box=\box31
\l_tmpa_box=\box32
\l_tmpb_box=\box33
\g_tmpa_box=\box34
\g_tmpb_box=\box35
L3 Module: l3coffins 2016/05/17 v6508 L3 Coffin code layer
\l__coffin_internal_box=\box36
\l__coffin_internal_dim=\dimen135
\l__coffin_offset_x_dim=\dimen136
\l__coffin_offset_y_dim=\dimen137
\l__coffin_x_dim=\dimen138
\l__coffin_y_dim=\dimen139
\l__coffin_x_prime_dim=\dimen140
\l__coffin_y_prime_dim=\dimen141
\c_empty_coffin=\box37
\l__coffin_aligned_coffin=\box38
\l__coffin_aligned_internal_coffin=\box39
\l_tmpa_coffin=\box40
\l_tmpb_coffin=\box41
\l__coffin_display_coffin=\box42
\l__coffin_display_coord_coffin=\box43
\l__coffin_display_pole_coffin=\box44
\l__coffin_display_offset_dim=\dimen142
\l__coffin_display_x_dim=\dimen143
\l__coffin_display_y_dim=\dimen144
L3 Module: l3color 2014/08/23 v5354 L3 Experimental color support
L3 Module: l3sys 2015/09/25 v6087 L3 Experimental system/runtime functions
L3 Module: l3candidates 2016/05/13 v6484 L3 Experimental additions to l3kernel
\l__box_top_dim=\dimen145
\l__box_bottom_dim=\dimen146
\l__box_left_dim=\dimen147
\l__box_right_dim=\dimen148
\l__box_top_new_dim=\dimen149
\l__box_bottom_new_dim=\dimen150
\l__box_left_new_dim=\dimen151
\l__box_right_new_dim=\dimen152
\l__box_internal_box=\box45
\l__coffin_bounding_shift_dim=\dimen153
\l__coffin_left_corner_dim=\dimen154
\l__coffin_right_corner_dim=\dimen155
\l__coffin_bottom_corner_dim=\dimen156
\l__coffin_top_corner_dim=\dimen157
\l__coffin_scaled_total_height_dim=\dimen158
\l__coffin_scaled_width_dim=\dimen159
L3 Module: l3luatex 2016/03/26 v6465 L3 Experimental LuaTeX-specific functions
)
(C:\Users\Administrator\AppData\Roaming\MiKTeX\2.9\tex\latex\l3kernel\l3pdfmode
.def
File: l3pdfmode.def 2016/03/26 v6465 L3 Experimental driver: PDF mode
\l__driver_color_stack_int=\count137
\l__driver_tmp_box=\box46
))
Package: xparse 2016/05/18 v6512 L3 Experimental document command parser
\l__xparse_current_arg_int=\count138
\l__xparse_m_args_int=\count139
\l__xparse_mandatory_args_int=\count140
\l__xparse_processor_int=\count141
\l__xparse_v_nesting_int=\count142
)
(C:\Users\Administrator\AppData\Roaming\MiKTeX\2.9\tex\latex\etoolbox\etoolbox.
sty
Package: etoolbox 2015/08/02 v2.2a e-TeX tools for LaTeX (JAW)
\etb@tempcnta=\count143
) ("C:\Program Files\MiKTeX 2.9\tex\latex\oberdiek\zref-abspage.sty"
Package: zref-abspage 2016/05/21 v2.26 Module abspage for zref (HO)

("C:\Program Files\MiKTeX 2.9\tex\latex\oberdiek\zref-base.sty"
Package: zref-base 2016/05/21 v2.26 Module base for zref (HO)

("C:\Program Files\MiKTeX 2.9\tex\generic\oberdiek\kvdefinekeys.sty"
Package: kvdefinekeys 2016/05/16 v1.4 Define keys (HO)
)
("C:\Program Files\MiKTeX 2.9\tex\generic\oberdiek\pdftexcmds.sty"
Package: pdftexcmds 2016/05/21 v0.22 Utility functions of pdfTeX for LuaTeX (HO
)
Package pdftexcmds Info: LuaTeX not detected.
Package pdftexcmds Info: \pdf@primitive is available.
Package pdftexcmds Info: \pdf@ifprimitive is available.
Package pdftexcmds Info: \pdfdraftmode found.
)
("C:\Program Files\MiKTeX 2.9\tex\latex\oberdiek\auxhook.sty"
Package: auxhook 2016/05/16 v1.4 Hooks for auxiliary files (HO)
)
Package zref Info: New property list: main on input line 759.
Package zref Info: New property: default on input line 760.
Package zref Info: New property: page on input line 761.
)
("C:\Program Files\MiKTeX 2.9\tex\generic\oberdiek\atbegshi.sty"
Package: atbegshi 2016/06/09 v1.18 At begin shipout hook (HO)
)
\c@abspage=\count144
Package zref Info: New property: abspage on input line 62.
)
(C:\Users\Administrator\AppData\Roaming\MiKTeX\2.9\tex\latex\needspace\needspac
e.sty
Package: needspace 2010/09/12 v1.3d reserve vertical space
) ("C:\Program Files\MiKTeX 2.9\tex\latex\graphics\color.sty"
Package: color 2016/06/02 v1.1d Standard LaTeX Color (DPC)

("C:\Program Files\MiKTeX 2.9\tex\latex\00miktex\color.cfg"
File: color.cfg 2016/01/02 v1.6 sample color configuration
)
Package color Info: Driver file: pdftex.def on input line 147.
)
\mdf@templength=\skip54
\c@mdf@globalstyle@cnt=\count145
\mdf@skipabove@length=\skip55
\mdf@skipbelow@length=\skip56
\mdf@leftmargin@length=\skip57
\mdf@rightmargin@length=\skip58
\mdf@innerleftmargin@length=\skip59
\mdf@innerrightmargin@length=\skip60
\mdf@innertopmargin@length=\skip61
\mdf@innerbottommargin@length=\skip62
\mdf@splittopskip@length=\skip63
\mdf@splitbottomskip@length=\skip64
\mdf@outermargin@length=\skip65
\mdf@innermargin@length=\skip66
\mdf@linewidth@length=\skip67
\mdf@innerlinewidth@length=\skip68
\mdf@middlelinewidth@length=\skip69
\mdf@outerlinewidth@length=\skip70
\mdf@roundcorner@length=\skip71
\mdf@footenotedistance@length=\skip72
\mdf@userdefinedwidth@length=\skip73
\mdf@needspace@length=\skip74
\mdf@frametitleaboveskip@length=\skip75
\mdf@frametitlebelowskip@length=\skip76
\mdf@frametitlerulewidth@length=\skip77
\mdf@frametitleleftmargin@length=\skip78
\mdf@frametitlerightmargin@length=\skip79
\mdf@shadowsize@length=\skip80
\mdf@extratopheight@length=\skip81
\mdf@subtitleabovelinewidth@length=\skip82
\mdf@subtitlebelowlinewidth@length=\skip83
\mdf@subtitleaboveskip@length=\skip84
\mdf@subtitlebelowskip@length=\skip85
\mdf@subtitleinneraboveskip@length=\skip86
\mdf@subtitleinnerbelowskip@length=\skip87
\mdf@subsubtitleabovelinewidth@length=\skip88
\mdf@subsubtitlebelowlinewidth@length=\skip89
\mdf@subsubtitleaboveskip@length=\skip90
\mdf@subsubtitlebelowskip@length=\skip91
\mdf@subsubtitleinneraboveskip@length=\skip92
\mdf@subsubtitleinnerbelowskip@length=\skip93

(C:\Users\Administrator\AppData\Roaming\MiKTeX\2.9\tex\latex\pgf\frontendlayer\
tikz.sty
(C:\Users\Administrator\AppData\Roaming\MiKTeX\2.9\tex\latex\pgf\basiclayer\pgf
.sty
(C:\Users\Administrator\AppData\Roaming\MiKTeX\2.9\tex\latex\pgf\utilities\pgfr
cs.sty
(C:\Users\Administrator\AppData\Roaming\MiKTeX\2.9\tex\generic\pgf\utilities\pg
futil-common.tex
\pgfutil@everybye=\toks23
\pgfutil@tempdima=\dimen160
\pgfutil@tempdimb=\dimen161

(C:\Users\Administrator\AppData\Roaming\MiKTeX\2.9\tex\generic\pgf\utilities\pg
futil-common-lists.tex))
(C:\Users\Administrator\AppData\Roaming\MiKTeX\2.9\tex\generic\pgf\utilities\pg
futil-latex.def
\pgfutil@abb=\box47

(C:\Users\Administrator\AppData\Roaming\MiKTeX\2.9\tex\latex\ms\everyshi.sty
Package: everyshi 2001/05/15 v3.00 EveryShipout Package (MS)
))
(C:\Users\Administrator\AppData\Roaming\MiKTeX\2.9\tex\generic\pgf\utilities\pg
frcs.code.tex
Package: pgfrcs 2015/08/07 v3.0.1a (rcs-revision 1.31)
))
Package: pgf 2015/08/07 v3.0.1a (rcs-revision 1.15)

(C:\Users\Administrator\AppData\Roaming\MiKTeX\2.9\tex\latex\pgf\basiclayer\pgf
core.sty
(C:\Users\Administrator\AppData\Roaming\MiKTeX\2.9\tex\latex\pgf\systemlayer\pg
fsys.sty
(C:\Users\Administrator\AppData\Roaming\MiKTeX\2.9\tex\generic\pgf\systemlayer\
pgfsys.code.tex
Package: pgfsys 2014/07/09 v3.0.1a (rcs-revision 1.48)

(C:\Users\Administrator\AppData\Roaming\MiKTeX\2.9\tex\generic\pgf\utilities\pg
fkeys.code.tex
\pgfkeys@pathtoks=\toks24
\pgfkeys@temptoks=\toks25

(C:\Users\Administrator\AppData\Roaming\MiKTeX\2.9\tex\generic\pgf\utilities\pg
fkeysfiltered.code.tex
\pgfkeys@tmptoks=\toks26
))
\pgf@x=\dimen162
\pgf@y=\dimen163
\pgf@xa=\dimen164
\pgf@ya=\dimen165
\pgf@xb=\dimen166
\pgf@yb=\dimen167
\pgf@xc=\dimen168
\pgf@yc=\dimen169
\w@pgf@writea=\write3
\r@pgf@reada=\read1
\c@pgf@counta=\count146
\c@pgf@countb=\count147
\c@pgf@countc=\count148
\c@pgf@countd=\count149
\t@pgf@toka=\toks27
\t@pgf@tokb=\toks28
\t@pgf@tokc=\toks29

(C:\Users\Administrator\AppData\Roaming\MiKTeX\2.9\tex\generic\pgf\systemlayer\
pgf.cfg
File: pgf.cfg 2008/05/14  (rcs-revision 1.7)
)
Driver file for pgf: pgfsys-pdftex.def

(C:\Users\Administrator\AppData\Roaming\MiKTeX\2.9\tex\generic\pgf\systemlayer\
pgfsys-pdftex.def
File: pgfsys-pdftex.def 2014/10/11  (rcs-revision 1.35)

(C:\Users\Administrator\AppData\Roaming\MiKTeX\2.9\tex\generic\pgf\systemlayer\
pgfsys-common-pdf.def
File: pgfsys-common-pdf.def 2013/10/10  (rcs-revision 1.13)
)))
(C:\Users\Administrator\AppData\Roaming\MiKTeX\2.9\tex\generic\pgf\systemlayer\
pgfsyssoftpath.code.tex
File: pgfsyssoftpath.code.tex 2013/09/09  (rcs-revision 1.9)
\pgfsyssoftpath@smallbuffer@items=\count150
\pgfsyssoftpath@bigbuffer@items=\count151
)
(C:\Users\Administrator\AppData\Roaming\MiKTeX\2.9\tex\generic\pgf\systemlayer\
pgfsysprotocol.code.tex
File: pgfsysprotocol.code.tex 2006/10/16  (rcs-revision 1.4)
))
(C:\Users\Administrator\AppData\Roaming\MiKTeX\2.9\tex\latex\xcolor\xcolor.sty
Package: xcolor 2016/05/11 v2.12 LaTeX color extensions (UK)

("C:\Program Files\MiKTeX 2.9\tex\latex\00miktex\color.cfg"
File: color.cfg 2016/01/02 v1.6 sample color configuration
)
Package xcolor Info: Driver file: pdftex.def on input line 225.
LaTeX Info: Redefining \color on input line 709.
Package xcolor Info: Model `cmy' substituted by `cmy0' on input line 1348.
Package xcolor Info: Model `hsb' substituted by `rgb' on input line 1352.
Package xcolor Info: Model `RGB' extended on input line 1364.
Package xcolor Info: Model `HTML' substituted by `rgb' on input line 1366.
Package xcolor Info: Model `Hsb' substituted by `hsb' on input line 1367.
Package xcolor Info: Model `tHsb' substituted by `hsb' on input line 1368.
Package xcolor Info: Model `HSB' substituted by `hsb' on input line 1369.
Package xcolor Info: Model `Gray' substituted by `gray' on input line 1370.
Package xcolor Info: Model `wave' substituted by `hsb' on input line 1371.
)
(C:\Users\Administrator\AppData\Roaming\MiKTeX\2.9\tex\generic\pgf\basiclayer\p
gfcore.code.tex
Package: pgfcore 2010/04/11 v3.0.1a (rcs-revision 1.7)

(C:\Users\Administrator\AppData\Roaming\MiKTeX\2.9\tex\generic\pgf\math\pgfmath
.code.tex
(C:\Users\Administrator\AppData\Roaming\MiKTeX\2.9\tex\generic\pgf\math\pgfmath
calc.code.tex
(C:\Users\Administrator\AppData\Roaming\MiKTeX\2.9\tex\generic\pgf\math\pgfmath
util.code.tex)
(C:\Users\Administrator\AppData\Roaming\MiKTeX\2.9\tex\generic\pgf\math\pgfmath
parser.code.tex
\pgfmath@dimen=\dimen170
\pgfmath@count=\count152
\pgfmath@box=\box48
\pgfmath@toks=\toks30
\pgfmath@stack@operand=\toks31
\pgfmath@stack@operation=\toks32
)
(C:\Users\Administrator\AppData\Roaming\MiKTeX\2.9\tex\generic\pgf\math\pgfmath
functions.code.tex
(C:\Users\Administrator\AppData\Roaming\MiKTeX\2.9\tex\generic\pgf\math\pgfmath
functions.basic.code.tex)
(C:\Users\Administrator\AppData\Roaming\MiKTeX\2.9\tex\generic\pgf\math\pgfmath
functions.trigonometric.code.tex)
(C:\Users\Administrator\AppData\Roaming\MiKTeX\2.9\tex\generic\pgf\math\pgfmath
functions.random.code.tex)
(C:\Users\Administrator\AppData\Roaming\MiKTeX\2.9\tex\generic\pgf\math\pgfmath
functions.comparison.code.tex)
(C:\Users\Administrator\AppData\Roaming\MiKTeX\2.9\tex\generic\pgf\math\pgfmath
functions.base.code.tex)
(C:\Users\Administrator\AppData\Roaming\MiKTeX\2.9\tex\generic\pgf\math\pgfmath
functions.round.code.tex)
(C:\Users\Administrator\AppData\Roaming\MiKTeX\2.9\tex\generic\pgf\math\pgfmath
functions.misc.code.tex)
(C:\Users\Administrator\AppData\Roaming\MiKTeX\2.9\tex\generic\pgf\math\pgfmath
functions.integerarithmetics.code.tex)))
(C:\Users\Administrator\AppData\Roaming\MiKTeX\2.9\tex\generic\pgf\math\pgfmath
float.code.tex
\c@pgfmathroundto@lastzeros=\count153
))
(C:\Users\Administrator\AppData\Roaming\MiKTeX\2.9\tex\generic\pgf\basiclayer\p
gfcorepoints.code.tex
File: pgfcorepoints.code.tex 2013/10/07  (rcs-revision 1.27)
\pgf@picminx=\dimen171
\pgf@picmaxx=\dimen172
\pgf@picminy=\dimen173
\pgf@picmaxy=\dimen174
\pgf@pathminx=\dimen175
\pgf@pathmaxx=\dimen176
\pgf@pathminy=\dimen177
\pgf@pathmaxy=\dimen178
\pgf@xx=\dimen179
\pgf@xy=\dimen180
\pgf@yx=\dimen181
\pgf@yy=\dimen182
\pgf@zx=\dimen183
\pgf@zy=\dimen184
)
(C:\Users\Administrator\AppData\Roaming\MiKTeX\2.9\tex\generic\pgf\basiclayer\p
gfcorepathconstruct.code.tex
File: pgfcorepathconstruct.code.tex 2013/10/07  (rcs-revision 1.29)
\pgf@path@lastx=\dimen185
\pgf@path@lasty=\dimen186
)
(C:\Users\Administrator\AppData\Roaming\MiKTeX\2.9\tex\generic\pgf\basiclayer\p
gfcorepathusage.code.tex
File: pgfcorepathusage.code.tex 2014/11/02  (rcs-revision 1.24)
\pgf@shorten@end@additional=\dimen187
\pgf@shorten@start@additional=\dimen188
)
(C:\Users\Administrator\AppData\Roaming\MiKTeX\2.9\tex\generic\pgf\basiclayer\p
gfcorescopes.code.tex
File: pgfcorescopes.code.tex 2015/05/08  (rcs-revision 1.46)
\pgfpic=\box49
\pgf@hbox=\box50
\pgf@layerbox@main=\box51
\pgf@picture@serial@count=\count154
)
(C:\Users\Administrator\AppData\Roaming\MiKTeX\2.9\tex\generic\pgf\basiclayer\p
gfcoregraphicstate.code.tex
File: pgfcoregraphicstate.code.tex 2014/11/02  (rcs-revision 1.12)
\pgflinewidth=\dimen189
)
(C:\Users\Administrator\AppData\Roaming\MiKTeX\2.9\tex\generic\pgf\basiclayer\p
gfcoretransformations.code.tex
File: pgfcoretransformations.code.tex 2015/08/07  (rcs-revision 1.20)
\pgf@pt@x=\dimen190
\pgf@pt@y=\dimen191
\pgf@pt@temp=\dimen192
)
(C:\Users\Administrator\AppData\Roaming\MiKTeX\2.9\tex\generic\pgf\basiclayer\p
gfcorequick.code.tex
File: pgfcorequick.code.tex 2008/10/09  (rcs-revision 1.3)
)
(C:\Users\Administrator\AppData\Roaming\MiKTeX\2.9\tex\generic\pgf\basiclayer\p
gfcoreobjects.code.tex
File: pgfcoreobjects.code.tex 2006/10/11  (rcs-revision 1.2)
)
(C:\Users\Administrator\AppData\Roaming\MiKTeX\2.9\tex\generic\pgf\basiclayer\p
gfcorepathprocessing.code.tex
File: pgfcorepathprocessing.code.tex 2013/09/09  (rcs-revision 1.9)
)
(C:\Users\Administrator\AppData\Roaming\MiKTeX\2.9\tex\generic\pgf\basiclayer\p
gfcorearrows.code.tex
File: pgfcorearrows.code.tex 2015/05/14  (rcs-revision 1.43)
\pgfarrowsep=\dimen193
)
(C:\Users\Administrator\AppData\Roaming\MiKTeX\2.9\tex\generic\pgf\basiclayer\p
gfcoreshade.code.tex
File: pgfcoreshade.code.tex 2013/07/15  (rcs-revision 1.15)
\pgf@max=\dimen194
\pgf@sys@shading@range@num=\count155
)
(C:\Users\Administrator\AppData\Roaming\MiKTeX\2.9\tex\generic\pgf\basiclayer\p
gfcoreimage.code.tex
File: pgfcoreimage.code.tex 2013/07/15  (rcs-revision 1.18)

(C:\Users\Administrator\AppData\Roaming\MiKTeX\2.9\tex\generic\pgf\basiclayer\p
gfcoreexternal.code.tex
File: pgfcoreexternal.code.tex 2014/07/09  (rcs-revision 1.21)
\pgfexternal@startupbox=\box52
))
(C:\Users\Administrator\AppData\Roaming\MiKTeX\2.9\tex\generic\pgf\basiclayer\p
gfcorelayers.code.tex
File: pgfcorelayers.code.tex 2013/07/18  (rcs-revision 1.7)
)
(C:\Users\Administrator\AppData\Roaming\MiKTeX\2.9\tex\generic\pgf\basiclayer\p
gfcoretransparency.code.tex
File: pgfcoretransparency.code.tex 2013/09/30  (rcs-revision 1.5)
)
(C:\Users\Administrator\AppData\Roaming\MiKTeX\2.9\tex\generic\pgf\basiclayer\p
gfcorepatterns.code.tex
File: pgfcorepatterns.code.tex 2013/11/07  (rcs-revision 1.5)
)))
(C:\Users\Administrator\AppData\Roaming\MiKTeX\2.9\tex\generic\pgf\modules\pgfm
oduleshapes.code.tex
File: pgfmoduleshapes.code.tex 2014/03/21  (rcs-revision 1.35)
\pgfnodeparttextbox=\box53
)
(C:\Users\Administrator\AppData\Roaming\MiKTeX\2.9\tex\generic\pgf\modules\pgfm
oduleplot.code.tex
File: pgfmoduleplot.code.tex 2015/08/03  (rcs-revision 1.13)
)
(C:\Users\Administrator\AppData\Roaming\MiKTeX\2.9\tex\latex\pgf\compatibility\
pgfcomp-version-0-65.sty
Package: pgfcomp-version-0-65 2007/07/03 v3.0.1a (rcs-revision 1.7)
\pgf@nodesepstart=\dimen195
\pgf@nodesepend=\dimen196
)
(C:\Users\Administrator\AppData\Roaming\MiKTeX\2.9\tex\latex\pgf\compatibility\
pgfcomp-version-1-18.sty
Package: pgfcomp-version-1-18 2007/07/23 v3.0.1a (rcs-revision 1.1)
))
(C:\Users\Administrator\AppData\Roaming\MiKTeX\2.9\tex\latex\pgf\utilities\pgff
or.sty
(C:\Users\Administrator\AppData\Roaming\MiKTeX\2.9\tex\latex\pgf\utilities\pgfk
eys.sty
(C:\Users\Administrator\AppData\Roaming\MiKTeX\2.9\tex\generic\pgf\utilities\pg
fkeys.code.tex))
(C:\Users\Administrator\AppData\Roaming\MiKTeX\2.9\tex\latex\pgf\math\pgfmath.s
ty
(C:\Users\Administrator\AppData\Roaming\MiKTeX\2.9\tex\generic\pgf\math\pgfmath
.code.tex))
(C:\Users\Administrator\AppData\Roaming\MiKTeX\2.9\tex\generic\pgf\utilities\pg
ffor.code.tex
Package: pgffor 2013/12/13 v3.0.1a (rcs-revision 1.25)

(C:\Users\Administrator\AppData\Roaming\MiKTeX\2.9\tex\generic\pgf\math\pgfmath
.code.tex)
\pgffor@iter=\dimen197
\pgffor@skip=\dimen198
\pgffor@stack=\toks33
\pgffor@toks=\toks34
))
(C:\Users\Administrator\AppData\Roaming\MiKTeX\2.9\tex\generic\pgf\frontendlaye
r\tikz\tikz.code.tex
Package: tikz 2015/08/07 v3.0.1a (rcs-revision 1.151)

(C:\Users\Administrator\AppData\Roaming\MiKTeX\2.9\tex\generic\pgf\libraries\pg
flibraryplothandlers.code.tex
File: pgflibraryplothandlers.code.tex 2013/08/31 v3.0.1a (rcs-revision 1.20)
\pgf@plot@mark@count=\count156
\pgfplotmarksize=\dimen199
)
\tikz@lastx=\dimen256
\tikz@lasty=\dimen257
\tikz@lastxsaved=\dimen258
\tikz@lastysaved=\dimen259
\tikzleveldistance=\dimen260
\tikzsiblingdistance=\dimen261
\tikz@figbox=\box54
\tikz@figbox@bg=\box55
\tikz@tempbox=\box56
\tikz@tempbox@bg=\box57
\tikztreelevel=\count157
\tikznumberofchildren=\count158
\tikznumberofcurrentchild=\count159
\tikz@fig@count=\count160

(C:\Users\Administrator\AppData\Roaming\MiKTeX\2.9\tex\generic\pgf\modules\pgfm
odulematrix.code.tex
File: pgfmodulematrix.code.tex 2013/09/17  (rcs-revision 1.8)
\pgfmatrixcurrentrow=\count161
\pgfmatrixcurrentcolumn=\count162
\pgf@matrix@numberofcolumns=\count163
)
\tikz@expandcount=\count164

(C:\Users\Administrator\AppData\Roaming\MiKTeX\2.9\tex\generic\pgf\frontendlaye
r\tikz\libraries\tikzlibrarytopaths.code.tex
File: tikzlibrarytopaths.code.tex 2008/06/17 v3.0.1a (rcs-revision 1.2)
)))
(C:\Users\Administrator\AppData\Roaming\MiKTeX\2.9\tex\latex\mdframed\md-frame-
1.mdf
File: md-frame-1.mdf 2013/07/01\ 1.9b: md-frame-1
)
\mdf@frametitlebox=\box58
\mdf@footnotebox=\box59
\mdf@splitbox@one=\box60
\mdf@splitbox@two=\box61
\mdf@splitbox@save=\box62
\mdfsplitboxwidth=\skip94
\mdfsplitboxtotalwidth=\skip95
\mdfsplitboxheight=\skip96
\mdfsplitboxdepth=\skip97
\mdfsplitboxtotalheight=\skip98
\mdfframetitleboxwidth=\skip99
\mdfframetitleboxtotalwidth=\skip100
\mdfframetitleboxheight=\skip101
\mdfframetitleboxdepth=\skip102
\mdfframetitleboxtotalheight=\skip103
\mdffootnoteboxwidth=\skip104
\mdffootnoteboxtotalwidth=\skip105
\mdffootnoteboxheight=\skip106
\mdffootnoteboxdepth=\skip107
\mdffootnoteboxtotalheight=\skip108
\mdftotallinewidth=\skip109
\mdfboundingboxwidth=\skip110
\mdfboundingboxtotalwidth=\skip111
\mdfboundingboxheight=\skip112
\mdfboundingboxdepth=\skip113
\mdfboundingboxtotalheight=\skip114
\mdf@freevspace@length=\skip115
\mdf@horizontalwidthofbox@length=\skip116
\mdf@verticalmarginwhole@length=\skip117
\mdf@horizontalspaceofbox=\skip118
\mdfsubtitleheight=\skip119
\mdfsubsubtitleheight=\skip120
\c@mdfcountframes=\count165

****** mdframed patching \endmdf@trivlist

****** -- success******

.................................................
. LaTeX info: "xparse/define-command"
. 
. Defining command \newmdtheoremenv with sig. 'O{} m o m o ' on line 601.
.................................................
.................................................
. LaTeX info: "xparse/define-command"
. 
. Defining command \mdtheorem with sig. ' O{} m o m o ' on line 701.
.................................................
\mdf@envdepth=\count166
\c@mdf@env@i=\count167
\c@mdf@env@ii=\count168
\c@mdf@zref@counter=\count169
Package zref Info: New property: mdf@pagevalue on input line 895.
)
(C:\Users\Administrator\AppData\Roaming\MiKTeX\2.9\tex\latex\url\url.sty
\Urlmuskip=\muskip17
Package: url 2013/09/16  ver 3.4  Verb mode for urls, etc.
)
(C:\Users\Administrator\AppData\Roaming\MiKTeX\2.9\tex\latex\subfigure\subfigur
e.sty
Package: subfigure 2002/07/30 v2.1.4 subfigure package
\subfigtopskip=\skip121
\subfigcapskip=\skip122
\subfigcaptopadj=\dimen262
\subfigbottomskip=\skip123
\subfigcapmargin=\dimen263
\subfiglabelskip=\skip124
\c@subfigure=\count170
\c@lofdepth=\count171
\c@subtable=\count172
\c@lotdepth=\count173

****************************************
* Local config file subfigure.cfg used *
****************************************

(C:\Users\Administrator\AppData\Roaming\MiKTeX\2.9\tex\latex\subfigure\subfigur
e.cfg)
\subfig@top=\skip125
\subfig@bottom=\skip126
) (MtechIIReport.tex.aux)
\openout1 = `MtechIIReport.tex.aux'.

LaTeX Font Info:    Checking defaults for OML/cmm/m/it on input line 16.
LaTeX Font Info:    ... okay on input line 16.
LaTeX Font Info:    Checking defaults for T1/cmr/m/n on input line 16.
LaTeX Font Info:    ... okay on input line 16.
LaTeX Font Info:    Checking defaults for OT1/cmr/m/n on input line 16.
LaTeX Font Info:    ... okay on input line 16.
LaTeX Font Info:    Checking defaults for OMS/cmsy/m/n on input line 16.
LaTeX Font Info:    ... okay on input line 16.
LaTeX Font Info:    Checking defaults for OMX/cmex/m/n on input line 16.
LaTeX Font Info:    ... okay on input line 16.
LaTeX Font Info:    Checking defaults for U/cmr/m/n on input line 16.
LaTeX Font Info:    ... okay on input line 16.

*geometry* driver: auto-detecting
*geometry* detected driver: pdftex
*geometry* verbose mode - [ preamble ] result:
* driver: pdftex
* paper: a4paper
* layout: <same size as paper>
* layoutoffset:(h,v)=(0.0pt,0.0pt)
* modes: 
* h-part:(L,W,R)=(81.94394pt, 433.62pt, 81.94394pt)
* v-part:(T,H,B)=(77.84674pt, 650.43pt, 116.77011pt)
* \paperwidth=597.50787pt
* \paperheight=845.04684pt
* \textwidth=433.62pt
* \textheight=650.43pt
* \oddsidemargin=9.67395pt
* \evensidemargin=9.67395pt
* \topmargin=-31.42325pt
* \headheight=12.0pt
* \headsep=25.0pt
* \topskip=12.0pt
* \footskip=30.0pt
* \marginparwidth=44.0pt
* \marginparsep=10.0pt
* \columnsep=10.0pt
* \skip\footins=10.8pt plus 4.0pt minus 2.0pt
* \hoffset=0.0pt
* \voffset=0.0pt
* \mag=1000
* \@twocolumnfalse
* \@twosidefalse
* \@mparswitchfalse
* \@reversemarginfalse
* (1in=72.27pt=25.4mm, 1cm=28.453pt)


(C:\Users\Administrator\AppData\Roaming\MiKTeX\2.9\tex\context\base\supp-pdf.mk
ii
[Loading MPS to PDF converter (version 2006.09.02).]
\scratchcounter=\count174
\scratchdimen=\dimen264
\scratchbox=\box63
\nofMPsegments=\count175
\nofMParguments=\count176
\everyMPshowfont=\toks35
\MPscratchCnt=\count177
\MPscratchDim=\dimen265
\MPnumerator=\count178
\makeMPintoPDFobject=\count179
\everyMPtoPDFconversion=\toks36
) ("C:\Program Files\MiKTeX 2.9\tex\latex\oberdiek\epstopdf-base.sty"
Package: epstopdf-base 2016/05/15 v2.6 Base part for package epstopdf

("C:\Program Files\MiKTeX 2.9\tex\latex\oberdiek\grfext.sty"
Package: grfext 2016/05/16 v1.2 Manage graphics extensions (HO)
)
Package epstopdf-base Info: Redefining graphics rule for `.eps' on input line 4
38.
Package grfext Info: Graphics extension search list:
(grfext)             [.png,.pdf,.jpg,.mps,.jpeg,.jbig2,.jb2,.PNG,.PDF,.JPG,.JPE
G,.JBIG2,.JB2,.eps]
(grfext)             \AppendGraphicsExtensions on input line 456.
)
LaTeX Info: Redefining \celsius on input line 16.
Package gensymb Info: Faking symbols for \degree and \celsius on input line 16.



Package gensymb Warning: Not defining \perthousand.

LaTeX Info: Redefining \ohm on input line 16.
Package gensymb Info: Using \Omega for \ohm on input line 16.

Package gensymb Warning: Not defining \micro.

\c@lstlisting=\count180
\AtBeginShipoutBox=\box64
ABD: EveryShipout initializing macros
<university.png, id=4, 301.125pt x 295.1025pt>
File: university.png Graphic file (type png)
 <use university.png>
Package pdftex.def Info: university.png used on input line 37.
(pdftex.def)             Requested size: 173.44534pt x 169.9843pt.
 [1

{C:/Users/Administrator/AppData/Local/MiKTeX/2.9/pdftex/config/pdftex.map} <./u
niversity.png>] [1] [2] [3] [1] (MtechIIReport.tex.toc [2

] [3])
\tf@toc=\write4
\openout4 = `MtechIIReport.tex.toc'.

 [4]
(MtechIIReport.tex.lot)
\tf@lot=\write5
\openout5 = `MtechIIReport.tex.lot'.

 [5

] (MtechIIReport.tex.lof

LaTeX Warning: Citation `PeterFrit' on page 6 undefined on input line 6.


LaTeX Warning: Citation `PHD' on page 6 undefined on input line 27.


LaTeX Warning: Citation `ingham' on page 6 undefined on input line 34.

)
\tf@lof=\write6
\openout6 = `MtechIIReport.tex.lof'.

 [6

]
Chapter 1.
LaTeX Font Info:    Try loading font information for OMS+cmr on input line 103.

("C:\Program Files\MiKTeX 2.9\tex\latex\base\omscmr.fd"
File: omscmr.fd 2014/09/29 v2.5h Standard LaTeX font definitions
)
LaTeX Font Info:    Font shape `OMS/cmr/m/n' in size <12> not available
(Font)              Font shape `OMS/cmsy/m/n' tried instead on input line 103.
 [7

]
Chapter 2.
[8

] [9]
Overfull \hbox (4.9358pt too wide) in paragraph at lines 164--164
[]\OT1/cmr/bx/n/17.28 Need of an Open Source Chem-i-cal Pro-cess Sim-
 []

[10]

LaTeX Warning: Citation `Sidebyside' on page 11 undefined on input line 182.


LaTeX Warning: Citation `ST1' on page 11 undefined on input line 184.


LaTeX Warning: Citation `ST2' on page 11 undefined on input line 184.

[11]
Chapter 3.

LaTeX Warning: Citation `GP' on page 12 undefined on input line 191.


Overfull \hbox (0.92004pt too wide) in paragraph at lines 190--192
\OT1/cmr/m/n/12 ex-e-cute steady-state and dy-namic pro-cess mod-els based on t
he gPROMS second-
 []

Missing character: There is no ‚ in font cmr12!
Missing character: There is no Ä in font cmr12!
Missing character: There is no ì in font cmr12!
[12

]

LaTeX Warning: Citation `ACM' on page 13 undefined on input line 220.


LaTeX Warning: Citation `Chemcad' on page 13 undefined on input line 223.


LaTeX Warning: Citation `DIPPR' on page 13 undefined on input line 223.


LaTeX Warning: Citation `Simulis' on page 13 undefined on input line 226.


LaTeX Warning: Citation `ascend' on page 13 undefined on input line 229.


LaTeX Warning: Citation `fprops' on page 13 undefined on input line 229.

[13] [14]
Chapter 4.

LaTeX Warning: Citation `SM' on page 15 undefined on input line 235.

[15

] [16]

LaTeX Warning: Citation `DWSIM' on page 17 undefined on input line 280.

[17] [18] [19]
Chapter 5.

LaTeX Warning: Citation `PeterFrit' on page 20 undefined on input line 330.


LaTeX Warning: Citation `PeterFrit' on page 20 undefined on input line 332.

[20

] <om1.png, id=87, 624.3325pt x 366.36874pt>
File: om1.png Graphic file (type png)
 <use om1.png>
Package pdftex.def Info: om1.png used on input line 340.
(pdftex.def)             Requested size: 433.62pt x 254.46062pt.


LaTeX Warning: Citation `PeterFrit' on page 21 undefined on input line 341.


LaTeX Warning: Citation `PeterFrit' on page 21 undefined on input line 341.


Overfull \hbox (2.45743pt too wide) in paragraph at lines 345--346
[]\OT1/cmr/m/n/12 Being an ob-ject ori-ented lan-guage Open-Mod-el-ica also sup
-ports in-her-i-tance through
 []

[21] <Dist.png, id=92, 358.33875pt x 341.275pt>
File: Dist.png Graphic file (type png)
 <use Dist.png>
Package pdftex.def Info: Dist.png used on input line 363.
(pdftex.def)             Requested size: 260.17464pt x 247.80077pt.
 [22 <./om1.png>] [23 <./Dist.png>]
Chapter 6.
[24

]

LaTeX Warning: Citation `api' on page 25 undefined on input line 388.

<PytC1.png, id=104, 767.86874pt x 254.45062pt>
File: PytC1.png Graphic file (type png)
 <use PytC1.png>
Package pdftex.def Info: PytC1.png used on input line 394.
(pdftex.def)             Requested size: 433.62pt x 143.69109pt.
 [25 <./PytC1.png>]

LaTeX Warning: Citation `socket' on page 26 undefined on input line 405.

<PytC2.png, id=109, 771.63281pt x 164.11313pt>
File: PytC2.png Graphic file (type png)
 <use PytC2.png>
Package pdftex.def Info: PytC2.png used on input line 409.
(pdftex.def)             Requested size: 433.62pt x 92.22325pt.
 [26 <./PytC2.png>] [27] [28]
Chapter 7.
[29

]
Overfull \hbox (6.53773pt too wide) in paragraph at lines 484--484
[]\OT1/cmr/bx/n/17.28 Development of the three com-po-nents of a ther-
 []

[30]
Underfull \hbox (badness 10000) in paragraph at lines 503--504

 []

<BT1.png, id=127, 578.16pt x 337.26pt>
File: BT1.png Graphic file (type png)
 <use BT1.png>
Package pdftex.def Info: BT1.png used on input line 508.
(pdftex.def)             Requested size: 346.89731pt x 202.35756pt.

<BT2.png, id=128, 424.58624pt x 324.46219pt>
File: BT2.png Graphic file (type png)
 <use BT2.png>
Package pdftex.def Info: BT2.png used on input line 542.
(pdftex.def)             Requested size: 346.89731pt x 265.10518pt.
 [31 <./BT1.png>]
[32 <./BT2.png>]

LaTeX Warning: Citation `DWSIM' on page 33 undefined on input line 584.

[33] <BT3.png, id=145, 375.65344pt x 447.92343pt>
File: BT3.png Graphic file (type png)
 <use BT3.png>
Package pdftex.def Info: BT3.png used on input line 595.
(pdftex.def)             Requested size: 346.89731pt x 413.65971pt.


LaTeX Warning: Citation `PR' on page 34 undefined on input line 604.

[34 <./BT3.png>]
Underfull \hbox (badness 10000) in paragraph at lines 608--614

 []


Underfull \hbox (badness 10000) in paragraph at lines 617--623

 []


LaTeX Warning: Citation `DWSIM' on page 35 undefined on input line 624.


LaTeX Warning: Citation `SRK' on page 35 undefined on input line 637.

[35]

LaTeX Warning: Citation `NRTL' on page 36 undefined on input line 655.

Missing character: There is no √ in font cmr12!
Missing character: There is no ¢ in font cmr12!
[36]
Chapter 8.

Underfull \hbox (badness 10000) in paragraph at lines 672--673

 []


Underfull \hbox (badness 10000) in paragraph at lines 682--683

 []

<omcode.png, id=157, 875.52094pt x 383.18156pt>
File: omcode.png Graphic file (type png)
 <use omcode.png>
Package pdftex.def Info: omcode.png used on input line 692.
(pdftex.def)             Requested size: 520.34267pt x 227.73567pt.

Overfull \hbox (86.72267pt too wide) in paragraph at lines 692--693
 [][] 
 []

[37

] [38 <./omcode.png>]
Underfull \hbox (badness 10000) in paragraph at lines 705--706

 []


Underfull \hbox (badness 10000) in paragraph at lines 711--712

 []


Underfull \hbox (badness 10000) in paragraph at lines 717--718

 []


Underfull \hbox (badness 10000) in paragraph at lines 723--724

 []

<FLmodel.png, id=165, 882.29625pt x 453.19313pt>
File: FLmodel.png Graphic file (type png)
 <use FLmodel.png>
Package pdftex.def Info: FLmodel.png used on input line 727.
(pdftex.def)             Requested size: 433.62pt x 222.73042pt.

<RLmodel.png, id=166, 572.1375pt x 313.17pt>
File: RLmodel.png Graphic file (type png)
 <use RLmodel.png>
Package pdftex.def Info: RLmodel.png used on input line 737.
(pdftex.def)             Requested size: 390.25534pt x 213.61699pt.

<Combmodel.png, id=167, 544.28343pt x 332.74312pt>
File: Combmodel.png Graphic file (type png)
 <use Combmodel.png>
Package pdftex.def Info: Combmodel.png used on input line 745.
(pdftex.def)             Requested size: 433.62pt x 265.088pt.
 [39 <./FLmodel.png>] [40 <./RLmodel.png>] [41 <./Combmodel.png>]
Chapter 9.
<BP.png, id=181, 674.52pt x 350.81062pt>
File: BP.png Graphic file (type png)
 <use BP.png>
Package pdftex.def Info: BP.png used on input line 775.
(pdftex.def)             Requested size: 346.89731pt x 180.42056pt.
 [42

]
<DP.png, id=185, 679.78969pt x 352.31625pt>
File: DP.png Graphic file (type png)
 <use DP.png>
Package pdftex.def Info: DP.png used on input line 792.
(pdftex.def)             Requested size: 346.89731pt x 179.78642pt.

<VLE.png, id=186, 679.03688pt x 350.81062pt>
File: VLE.png Graphic file (type png)
 <use VLE.png>
Package pdftex.def Info: VLE.png used on input line 806.
(pdftex.def)             Requested size: 390.25534pt x 201.61818pt.

<aspen.png, id=187, 1026.83624pt x 403.5075pt>
File: aspen.png Graphic file (type png)
 <use aspen.png>
Package pdftex.def Info: aspen.png used on input line 809.
(pdftex.def)             Requested size: 390.25534pt x 153.3529pt.


LaTeX Warning: Citation `Az' on page 43 undefined on input line 813.

[43 <./BP.png>] <Flash.png, id=192, 554.07pt x 380.92313pt>
File: Flash.png Graphic file (type png)
 <use Flash.png>
Package pdftex.def Info: Flash.png used on input line 828.
(pdftex.def)             Requested size: 346.89731pt x 238.48903pt.

Underfull \hbox (badness 10000) in paragraph at lines 837--838

 []

[44 <./DP.png>] [45 <./VLE.png> <./aspen.png>]
Underfull \hbox (badness 10000) in paragraph at lines 842--843

 []


Underfull \hbox (badness 10000) in paragraph at lines 847--848

 []

[46 <./Flash.png>]

LaTeX Warning: Citation `PHD' on page 47 undefined on input line 888.

<SD.png, id=208, 420.82219pt x 292.09125pt>
File: SD.png Graphic file (type png)
 <use SD.png>
Package pdftex.def Info: SD.png used on input line 892.
(pdftex.def)             Requested size: 346.89731pt x 240.78212pt.


LaTeX Warning: Citation `PHD' on page 47 undefined on input line 893.

[47]
Missing character: There is no ¬ in font cmr12!
Missing character: There is no ∑ in font cmr12!
Missing character: There is no ¬ in font cmr12!
Missing character: There is no ∑ in font cmr12!
Missing character: There is no ¬ in font cmr12!
Missing character: There is no ∑ in font cmr12!
 [48 <./SD.png>] [49]
Underfull \hbox (badness 10000) in paragraph at lines 957--958

 []

<SD1.png, id=219, 603.75563pt x 350.81062pt>
File: SD1.png Graphic file (type png)
 <use SD1.png>
Package pdftex.def Info: SD1.png used on input line 963.
(pdftex.def)             Requested size: 346.89731pt x 201.56465pt.

<SD4.png, id=220, 482.55281pt x 289.08pt>
File: SD4.png Graphic file (type png)
 <use SD4.png>
Package pdftex.def Info: SD4.png used on input line 966.
(pdftex.def)             Requested size: 346.89731pt x 207.81984pt.


LaTeX Warning: Citation `PHD' on page 50 undefined on input line 966.

<SD2.png, id=221, 679.03688pt x 353.82187pt>
File: SD2.png Graphic file (type png)
 <use SD2.png>
Package pdftex.def Info: SD2.png used on input line 975.
(pdftex.def)             Requested size: 346.89731pt x 180.7545pt.

<SD3.png, id=222, 477.28313pt x 277.78781pt>
File: SD3.png Graphic file (type png)
 <use SD3.png>
Package pdftex.def Info: SD3.png used on input line 978.
(pdftex.def)             Requested size: 346.89731pt x 201.8975pt.


LaTeX Warning: Citation `PHD' on page 50 undefined on input line 978.


LaTeX Warning: Citation `PHD' on page 50 undefined on input line 983.


LaTeX Warning: Citation `ingham' on page 50 undefined on input line 987.

<Ingham1.png, id=223, 526.21594pt x 367.3725pt>
File: Ingham1.png Graphic file (type png)
 <use Ingham1.png>
Package pdftex.def Info: Ingham1.png used on input line 991.
(pdftex.def)             Requested size: 433.62pt x 302.73848pt.


LaTeX Warning: Citation `ingham' on page 50 undefined on input line 992.

[50] [51 <./SD1.png> <./SD4.png>] [52 <./SD2.png> <./SD3.png>] [53 <./Ingham1.p
ng>] <Inghamb.png, id=243, 689.57625pt x 352.31625pt>
File: Inghamb.png Graphic file (type png)
 <use Inghamb.png>
Package pdftex.def Info: Inghamb.png used on input line 1034.
(pdftex.def)             Requested size: 433.62pt x 221.54646pt.

<Ingham2.png, id=244, 410.2828pt x 252.19218pt>
File: Ingham2.png Graphic file (type png)
 <use Ingham2.png>
Package pdftex.def Info: Ingham2.png used on input line 1037.
(pdftex.def)             Requested size: 433.62pt x 266.53355pt.


LaTeX Warning: Citation `ingham' on page 54 undefined on input line 1037.


Overfull \hbox (7.83325pt too wide) in paragraph at lines 1034--1038
 [][] 
 []


Overfull \hbox (7.83325pt too wide) in paragraph at lines 1034--1038
 [] 
 []

<Inghama.png, id=245, 684.30656pt x 355.3275pt>
File: Inghama.png Graphic file (type png)
 <use Inghama.png>
Package pdftex.def Info: Inghama.png used on input line 1049.
(pdftex.def)             Requested size: 433.62pt x 225.16415pt.

<Ingham3.png, id=246, 475.02469pt x 270.25969pt>
File: Ingham3.png Graphic file (type png)
 <use Ingham3.png>
Package pdftex.def Info: Ingham3.png used on input line 1052.
(pdftex.def)             Requested size: 433.62pt x 246.71198pt.


LaTeX Warning: Citation `ingham' on page 54 undefined on input line 1052.


Overfull \hbox (7.83325pt too wide) in paragraph at lines 1049--1053
 [][] 
 []


Overfull \hbox (7.83325pt too wide) in paragraph at lines 1049--1053
 [] 
 []

[54] [55 <./Inghamb.png> <./Ingham2.png>] [56 <./Inghama.png> <./Ingham3.png>]
Chapter 10.
[57

]
Appendix A.

(C:\Users\Administrator\AppData\Roaming\MiKTeX\2.9\tex\latex\listings\lstlang1.
sty
File: lstlang1.sty 2015/06/04 1.6 listings language file
)
Overfull \hbox (151.52899pt too wide) in paragraph at lines 1074--1075
[][][][][][][][][][][][][][][][][][][][][][][][][][] 
 []


Overfull \hbox (81.02911pt too wide) in paragraph at lines 1078--1079
[][][][][][][][][][][][][][][][][][][] 
 []


Overfull \hbox (66.92914pt too wide) in paragraph at lines 1085--1086
[][][][][][][][][][][][][][][][][][][][][][][][][][] 
 []

Missing character: There is no √ in font cmr12!
Missing character: There is no ¢ in font cmr12!
Missing character: There is no ¬ in font cmr12!
Missing character: There is no Ä in font cmr12!
Missing character: There is no ¬ in font cmr12!
Missing character: There is no ù in font cmr12!
Missing character: There is no √ in font cmr12!
Missing character: There is no ¢ in font cmr12!
Missing character: There is no ¬ in font cmr12!
Missing character: There is no Ä in font cmr12!
Missing character: There is no ¬ in font cmr12!
Missing character: There is no ù in font cmr12!
Missing character: There is no √ in font cmr12!
Missing character: There is no ¢ in font cmr12!
Missing character: There is no ¬ in font cmr12!
Missing character: There is no Ä in font cmr12!
Missing character: There is no ¬ in font cmr12!
Missing character: There is no ù in font cmr12!
Missing character: There is no √ in font cmr12!
Missing character: There is no ¢ in font cmr12!
Missing character: There is no ¬ in font cmr12!
Missing character: There is no Ä in font cmr12!
Missing character: There is no ¬ in font cmr12!
Missing character: There is no ù in font cmr12!
Missing character: There is no √ in font cmr12!
Missing character: There is no ¢ in font cmr12!
Missing character: There is no ¬ in font cmr12!
Missing character: There is no Ä in font cmr12!
Missing character: There is no ¬ in font cmr12!
Missing character: There is no ù in font cmr12!
Missing character: There is no √ in font cmr12!
Missing character: There is no ¢ in font cmr12!
Missing character: There is no ¬ in font cmr12!
Missing character: There is no Ä in font cmr12!
Missing character: There is no ¬ in font cmr12!
Missing character: There is no ù in font cmr12!
Missing character: There is no √ in font cmr12!
Missing character: There is no ¢ in font cmr12!
Missing character: There is no ¬ in font cmr12!
Missing character: There is no Ä in font cmr12!
Missing character: There is no ¬ in font cmr12!
Missing character: There is no ù in font cmr12!
Missing character: There is no √ in font cmr12!
Missing character: There is no ¢ in font cmr12!
Missing character: There is no ¬ in font cmr12!
Missing character: There is no Ä in font cmr12!
Missing character: There is no ¬ in font cmr12!
Missing character: There is no ù in font cmr12!

Overfull \hbox (52.82916pt too wide) in paragraph at lines 1091--1092
[][][][][][][][][][][][][][][][][][][][][][][][][][] 
 []


Overfull \hbox (38.72919pt too wide) in paragraph at lines 1092--1093
[][][][][][][][][][][][][][][][][][][][][][][][] 
 []

[58

]
Overfull \hbox (123.32904pt too wide) in paragraph at lines 1102--1103
[][][][][][][][][][][][][][][][][][][][][][][][][][][][][][][] 
 []

Missing character: There is no √ in font cmr12!
Missing character: There is no ¢ in font cmr12!

Overfull \hbox (17.57922pt too wide) in paragraph at lines 1111--1112
[][][][][][][][][][][][][][][][][][] 
 []


(C:\Users\Administrator\AppData\Roaming\MiKTeX\2.9\tex\latex\listings\lstlang1.
sty
File: lstlang1.sty 2015/06/04 1.6 listings language file
)
(C:\Users\Administrator\AppData\Roaming\MiKTeX\2.9\tex\latex\listings\lstmisc.s
ty
File: lstmisc.sty 2015/06/04 1.6 (Carsten Heinz)
)
Overfull \hbox (45.77917pt too wide) in paragraph at lines 1125--1126
[][][][][][][][][][][][][][][][][][][][][][][][][][][][] 
 []


Overfull \hbox (38.72919pt too wide) in paragraph at lines 1127--1128
[][][][][][][][][][][][][][][][][][][][][][][][][][][][] 
 []

[59]
Overfull \hbox (31.6792pt too wide) in paragraph at lines 1169--1170
[][][][][][][][][][][][][][] 
 []

[60]
Overfull \hbox (52.82916pt too wide) in paragraph at lines 1195--1196
[][][][][][][][][][][][][][][][][][][][][][][][][][][][][][][][][] 
 []


Overfull \hbox (81.02911pt too wide) in paragraph at lines 1198--1199
[][][][][][][][][][][][][][][][][][][][][][][][][][][][][][][][][][][][][][][][
] 
 []


Overfull \hbox (31.6792pt too wide) in paragraph at lines 1212--1214
[][][][][][][][][][][][][][][][] 
 []

[61]
Overfull \hbox (31.6792pt too wide) in paragraph at lines 1254--1255
[][][][][][][][][][][][][][] 
 []


Overfull \hbox (10.52924pt too wide) in paragraph at lines 1280--1281
[][][][][][][][][][][][][][][][][] 
 []

[62] [63]
Overfull \hbox (31.6792pt too wide) in paragraph at lines 1328--1329
[][][][][][][][][][][][][][] 
 []

[64]
Overfull \hbox (31.6792pt too wide) in paragraph at lines 1396--1397
[][][][][][][][][][][][][][] 
 []

[65]
Overfull \hbox (45.77917pt too wide) in paragraph at lines 1421--1422
[][][][][][][][][][][][][][][][][][][][][][][][][][][][] 
 []

LaTeX Font Info:    Font shape `OMS/cmr/m/it' in size <12> not available
(Font)              Font shape `OMS/cmsy/m/n' tried instead on input line 1426.

LaTeX Font Info:    Try loading font information for OML+cmr on input line 1429
.
("C:\Program Files\MiKTeX 2.9\tex\latex\base\omlcmr.fd"
File: omlcmr.fd 2014/09/29 v2.5h Standard LaTeX font definitions
)
LaTeX Font Info:    Font shape `OML/cmr/m/n' in size <12> not available
(Font)              Font shape `OML/cmm/m/it' tried instead on input line 1429.


Overfull \hbox (81.02911pt too wide) in paragraph at lines 1431--1432
[][][][][][][][][][][][][][][][][][][][][][][][][] 
 []

LaTeX Font Info:    Font shape `OML/cmr/m/it' in size <12> not available
(Font)              Font shape `OML/cmm/m/it' tried instead on input line 1437.


Overfull \hbox (59.87915pt too wide) in paragraph at lines 1439--1440
[][][][][][][][][][][][][][][][][][][][][][][][][][][][][][][][][] 
 []


Overfull \hbox (17.57922pt too wide) in paragraph at lines 1455--1456
[][][][][][][][][][][][][][] 
 []

[66] [67]
Appendix B.

Overfull \hbox (38.72919pt too wide) in paragraph at lines 1487--1488
[][][][][][][][][][][][][][][][][][][][][] 
 []


Overfull \hbox (38.72919pt too wide) in paragraph at lines 1489--1490
[][][][][][][][][][][][][][][][][][][] 
 []

[68

] [69]
Overfull \hbox (3.47925pt too wide) in paragraph at lines 1561--1562
[][][][][][][][][][][][][][][][][][][][][] 
 []

[70]
Overfull \hbox (31.6792pt too wide) in paragraph at lines 1618--1619
[][][][][][][][][][][][][][][][][][][][][][] 
 []

[71]
Appendix C.

Overfull \hbox (15.19577pt too wide) in paragraph at lines 1629--1629
[]\OT1/cmr/bx/n/17.28 Python script to con-vert Chem-sep.xml to Open-
 []

[72

] [73] [74]
Overfull \hbox (81.02911pt too wide) in paragraph at lines 1760--1761
[][][][][][][][][][][][][][][][][][][][][] 
 []


Overfull \hbox (24.62921pt too wide) in paragraph at lines 1766--1767
[][][][][][][][][][][][][][][][][][][] 
 []


Overfull \hbox (10.52924pt too wide) in paragraph at lines 1780--1781
[][][][][][][][][][][][][][][][][][][] 
 []


Overfull \hbox (10.52924pt too wide) in paragraph at lines 1781--1782
[][][][][][][][][][][][][][][][][][][] 
 []


Overfull \hbox (10.52924pt too wide) in paragraph at lines 1782--1783
[][][][][][][][][][][][][][][][][][][] 
 []


Overfull \hbox (38.72919pt too wide) in paragraph at lines 1784--1785
[][][][][][][][][][][][][][][][][][][] 
 []


Overfull \hbox (38.72919pt too wide) in paragraph at lines 1788--1789
[][][][][][][][][][][][][][][][][][][] 
 []

[75]
Overfull \hbox (3.47925pt too wide) in paragraph at lines 1799--1800
[][][][][][][][][][][][][][][] 
 []


Overfull \hbox (73.97913pt too wide) in paragraph at lines 1800--1801
[][][][][][][][][][][][][][][][][][][][][] 
 []


Overfull \hbox (10.52924pt too wide) in paragraph at lines 1801--1802
[][][][][][][][][][][][][][][][][][][] 
 []


Overfull \hbox (10.52924pt too wide) in paragraph at lines 1802--1803
[][][][][][][][][][][][][][][][][][][] 
 []


Overfull \hbox (10.52924pt too wide) in paragraph at lines 1803--1804
[][][][][][][][][][][][][][][][][][][] 
 []


Overfull \hbox (38.72919pt too wide) in paragraph at lines 1805--1806
[][][][][][][][][][][][][][][][][][][] 
 []


Overfull \hbox (38.72919pt too wide) in paragraph at lines 1809--1810
[][][][][][][][][][][][][][][][][][][] 
 []


Overfull \hbox (45.77917pt too wide) in paragraph at lines 1821--1822
[][][][][][][][][][][][][][][][][][][][][] 
 []


Overfull \hbox (24.62921pt too wide) in paragraph at lines 1826--1827
[][][][][][][][][][][][][][][][][][][] 
 []


Overfull \hbox (24.62921pt too wide) in paragraph at lines 1830--1831
[][][][][][][][][][][][][][][][][][][] 
 []

[76]
Overfull \hbox (38.72919pt too wide) in paragraph at lines 1847--1848
[][][][][][][][][][][][][][][][][][][][][][][][][][][][][][][][][][][][][][] 
 []


Overfull \hbox (17.57922pt too wide) in paragraph at lines 1853--1854
[][][][][][][][][][][][][][][] 
 []


Overfull \hbox (73.97913pt too wide) in paragraph at lines 1854--1855
[][][][][][][][][][][][][][][][][][][][][] 
 []


Overfull \hbox (10.52924pt too wide) in paragraph at lines 1855--1856
[][][][][][][][][][][][][][][][][][][] 
 []


Overfull \hbox (10.52924pt too wide) in paragraph at lines 1856--1857
[][][][][][][][][][][][][][][][][][][] 
 []


Overfull \hbox (10.52924pt too wide) in paragraph at lines 1857--1858
[][][][][][][][][][][][][][][][][][][] 
 []


Overfull \hbox (38.72919pt too wide) in paragraph at lines 1859--1860
[][][][][][][][][][][][][][][][][][][] 
 []


Overfull \hbox (38.72919pt too wide) in paragraph at lines 1863--1864
[][][][][][][][][][][][][][][][][][][] 
 []


Overfull \hbox (38.72919pt too wide) in paragraph at lines 1878--1879
[][][][][][][][][][][][][][][][][][][] 
 []


Overfull \hbox (38.72919pt too wide) in paragraph at lines 1879--1880
[][][][][][][][][][][][][][][][][][][] 
 []


Overfull \hbox (38.72919pt too wide) in paragraph at lines 1880--1881
[][][][][][][][][][][][][][][][][][][] 
 []

[77]
Overfull \hbox (66.92914pt too wide) in paragraph at lines 1882--1883
[][][][][][][][][][][][][][][][][][][] 
 []


Overfull \hbox (66.92914pt too wide) in paragraph at lines 1886--1887
[][][][][][][][][][][][][][][][][][][] 
 []


Overfull \hbox (38.72919pt too wide) in paragraph at lines 1901--1902
[][][][][][][][][][][][][][][][][][][] 
 []


Overfull \hbox (38.72919pt too wide) in paragraph at lines 1902--1903
[][][][][][][][][][][][][][][][][][][] 
 []


Overfull \hbox (38.72919pt too wide) in paragraph at lines 1903--1904
[][][][][][][][][][][][][][][][][][][] 
 []


Overfull \hbox (66.92914pt too wide) in paragraph at lines 1905--1906
[][][][][][][][][][][][][][][][][][][] 
 []


Overfull \hbox (66.92914pt too wide) in paragraph at lines 1909--1910
[][][][][][][][][][][][][][][][][][][] 
 []


Overfull \hbox (31.6792pt too wide) in paragraph at lines 1922--1923
[][][][][][][][][][][][][][][] 
 []


Overfull \hbox (59.87915pt too wide) in paragraph at lines 1923--1924
[][][][][][][][][][][][][][][][][][][][][] 
 []


Overfull \hbox (10.52924pt too wide) in paragraph at lines 1924--1925
[][][][][][][][][][][][][][][][][][][] 
 []


Overfull \hbox (10.52924pt too wide) in paragraph at lines 1925--1926
[][][][][][][][][][][][][][][][][][][] 
 []

[78]
Overfull \hbox (10.52924pt too wide) in paragraph at lines 1926--1927
[][][][][][][][][][][][][][][][][][][] 
 []


Overfull \hbox (38.72919pt too wide) in paragraph at lines 1928--1929
[][][][][][][][][][][][][][][][][][][] 
 []


Overfull \hbox (38.72919pt too wide) in paragraph at lines 1932--1933
[][][][][][][][][][][][][][][][][][][] 
 []


Overfull \hbox (24.62921pt too wide) in paragraph at lines 1944--1945
[][][][][][][][][][][][][][][] 
 []


Overfull \hbox (59.87915pt too wide) in paragraph at lines 1945--1946
[][][][][][][][][][][][][][][][][][][][][] 
 []


Overfull \hbox (10.52924pt too wide) in paragraph at lines 1946--1947
[][][][][][][][][][][][][][][][][][][] 
 []


Overfull \hbox (10.52924pt too wide) in paragraph at lines 1947--1948
[][][][][][][][][][][][][][][][][][][] 
 []


Overfull \hbox (10.52924pt too wide) in paragraph at lines 1948--1949
[][][][][][][][][][][][][][][][][][][] 
 []


Overfull \hbox (38.72919pt too wide) in paragraph at lines 1950--1951
[][][][][][][][][][][][][][][][][][][] 
 []


Overfull \hbox (38.72919pt too wide) in paragraph at lines 1954--1955
[][][][][][][][][][][][][][][][][][][] 
 []

[79]
Overfull \hbox (31.6792pt too wide) in paragraph at lines 2012--2013
[][][][][][][][][][][][][][][][][][][][][][][][][][][][][][][][][][][][][][][][
][][][][][][][][][][] 
 []


Overfull \hbox (45.77917pt too wide) in paragraph at lines 2014--2015
[][][][][][][][][][][][][][][][][][][][][][][][][][][][][][][][][][][][][][][][
][][][][][][][][][][] 
 []

[80]
Overfull \hbox (52.82916pt too wide) in paragraph at lines 2025--2026
[][][][][][][][][][][][][][][][][][][][][][][][][][][][][][][][][][][][] 
 []


Overfull \hbox (52.82916pt too wide) in paragraph at lines 2028--2029
[][][][][][][][][][][][][][][][][][][][][][][][][][][][][][][][][][][][] 
 []

No file MtechIIReport.tex.bbl.
[81] (MtechIIReport.tex.aux)

LaTeX Warning: There were undefined references.

 ) 
Here is how much of TeX's memory you used:
 23240 strings out of 493335
 448043 string characters out of 3139237
 525652 words of memory out of 3000000
 26403 multiletter control sequences out of 15000+200000
 10435 words of font info for 37 fonts, out of 3000000 for 9000
 1141 hyphenation exceptions out of 8191
 67i,9n,64p,10421b,1613s stack positions out of 5000i,500n,10000p,200000b,50000s
<C:/Program Files/MiKTeX 2.9/fonts/type1/public/amsfonts/cm/cmbx10.pfb><C:/Pr
ogram Files/MiKTeX 2.9/fonts/type1/public/amsfonts/cm/cmbx12.pfb><C:/Program Fi
les/MiKTeX 2.9/fonts/type1/public/amsfonts/cm/cmex10.pfb><C:/Program Files/MiKT
eX 2.9/fonts/type1/public/amsfonts/cm/cmmi12.pfb><C:/Program Files/MiKTeX 2.9/f
onts/type1/public/amsfonts/cm/cmmi8.pfb><C:/Program Files/MiKTeX 2.9/fonts/type
1/public/amsfonts/cm/cmr10.pfb><C:/Program Files/MiKTeX 2.9/fonts/type1/public/
amsfonts/cm/cmr12.pfb><C:/Program Files/MiKTeX 2.9/fonts/type1/public/amsfonts/
cm/cmr17.pfb><C:/Program Files/MiKTeX 2.9/fonts/type1/public/amsfonts/cm/cmr8.p
fb><C:/Program Files/MiKTeX 2.9/fonts/type1/public/amsfonts/cm/cmsy10.pfb><C:/P
rogram Files/MiKTeX 2.9/fonts/type1/public/amsfonts/cm/cmsy8.pfb><C:/Program Fi
les/MiKTeX 2.9/fonts/type1/public/amsfonts/cm/cmti12.pfb>
Output written on MtechIIReport.tex.pdf (85 pages, 1105327 bytes).
PDF statistics:
 382 PDF objects out of 1000 (max. 8388607)
 0 named destinations out of 1000 (max. 500000)
 148 words of extra memory for PDF output out of 10000 (max. 10000000)

