This is pdfTeX, Version 3.1415926-2.5-1.40.14 (TeX Live 2013/Debian) (format=pdflatex 2014.11.10)  3 JUL 2016 20:25
entering extended mode
 restricted \write18 enabled.
 %&-line parsing enabled.
**MtechIIReport.tex
(./MtechIIReport.tex
LaTeX2e <2011/06/27>
Babel <3.9h> and hyphenation patterns for 2 languages loaded.
(/usr/share/texlive/texmf-dist/tex/latex/base/report.cls
Document Class: report 2007/10/19 v1.4h Standard LaTeX document class
(/usr/share/texlive/texmf-dist/tex/latex/base/size12.clo
File: size12.clo 2007/10/19 v1.4h Standard LaTeX file (size option)
)
\c@part=\count79
\c@chapter=\count80
\c@section=\count81
\c@subsection=\count82
\c@subsubsection=\count83
\c@paragraph=\count84
\c@subparagraph=\count85
\c@figure=\count86
\c@table=\count87
\abovecaptionskip=\skip41
\belowcaptionskip=\skip42
\bibindent=\dimen102
)
(/usr/share/texlive/texmf-dist/tex/latex/geometry/geometry.sty
Package: geometry 2010/09/12 v5.6 Page Geometry

(/usr/share/texlive/texmf-dist/tex/latex/graphics/keyval.sty
Package: keyval 1999/03/16 v1.13 key=value parser (DPC)
\KV@toks@=\toks14
)
(/usr/share/texlive/texmf-dist/tex/generic/oberdiek/ifpdf.sty
Package: ifpdf 2011/01/30 v2.3 Provides the ifpdf switch (HO)
Package ifpdf Info: pdfTeX in PDF mode is detected.
)
(/usr/share/texlive/texmf-dist/tex/generic/oberdiek/ifvtex.sty
Package: ifvtex 2010/03/01 v1.5 Detect VTeX and its facilities (HO)
Package ifvtex Info: VTeX not detected.
)
(/usr/share/texlive/texmf-dist/tex/generic/ifxetex/ifxetex.sty
Package: ifxetex 2010/09/12 v0.6 Provides ifxetex conditional
)
\Gm@cnth=\count88
\Gm@cntv=\count89
\c@Gm@tempcnt=\count90
\Gm@bindingoffset=\dimen103
\Gm@wd@mp=\dimen104
\Gm@odd@mp=\dimen105
\Gm@even@mp=\dimen106
\Gm@layoutwidth=\dimen107
\Gm@layoutheight=\dimen108
\Gm@layouthoffset=\dimen109
\Gm@layoutvoffset=\dimen110
\Gm@dimlist=\toks15
)
(/usr/share/texlive/texmf-dist/tex/latex/graphics/graphicx.sty
Package: graphicx 1999/02/16 v1.0f Enhanced LaTeX Graphics (DPC,SPQR)

(/usr/share/texlive/texmf-dist/tex/latex/graphics/graphics.sty
Package: graphics 2009/02/05 v1.0o Standard LaTeX Graphics (DPC,SPQR)

(/usr/share/texlive/texmf-dist/tex/latex/graphics/trig.sty
Package: trig 1999/03/16 v1.09 sin cos tan (DPC)
)
(/usr/share/texlive/texmf-dist/tex/latex/latexconfig/graphics.cfg
File: graphics.cfg 2010/04/23 v1.9 graphics configuration of TeX Live
)
Package graphics Info: Driver file: pdftex.def on input line 91.

(/usr/share/texlive/texmf-dist/tex/latex/pdftex-def/pdftex.def
File: pdftex.def 2011/05/27 v0.06d Graphics/color for pdfTeX

(/usr/share/texlive/texmf-dist/tex/generic/oberdiek/infwarerr.sty
Package: infwarerr 2010/04/08 v1.3 Providing info/warning/error messages (HO)
)
(/usr/share/texlive/texmf-dist/tex/generic/oberdiek/ltxcmds.sty
Package: ltxcmds 2011/11/09 v1.22 LaTeX kernel commands for general use (HO)
)
\Gread@gobject=\count91
))
\Gin@req@height=\dimen111
\Gin@req@width=\dimen112
)
(/usr/share/texlive/texmf-dist/tex/latex/amsmath/amsmath.sty
Package: amsmath 2013/01/14 v2.14 AMS math features
\@mathmargin=\skip43

For additional information on amsmath, use the `?' option.
(/usr/share/texlive/texmf-dist/tex/latex/amsmath/amstext.sty
Package: amstext 2000/06/29 v2.01

(/usr/share/texlive/texmf-dist/tex/latex/amsmath/amsgen.sty
File: amsgen.sty 1999/11/30 v2.0
\@emptytoks=\toks16
\ex@=\dimen113
))
(/usr/share/texlive/texmf-dist/tex/latex/amsmath/amsbsy.sty
Package: amsbsy 1999/11/29 v1.2d
\pmbraise@=\dimen114
)
(/usr/share/texlive/texmf-dist/tex/latex/amsmath/amsopn.sty
Package: amsopn 1999/12/14 v2.01 operator names
)
\inf@bad=\count92
LaTeX Info: Redefining \frac on input line 210.
\uproot@=\count93
\leftroot@=\count94
LaTeX Info: Redefining \overline on input line 306.
\classnum@=\count95
\DOTSCASE@=\count96
LaTeX Info: Redefining \ldots on input line 378.
LaTeX Info: Redefining \dots on input line 381.
LaTeX Info: Redefining \cdots on input line 466.
\Mathstrutbox@=\box26
\strutbox@=\box27
\big@size=\dimen115
LaTeX Font Info:    Redeclaring font encoding OML on input line 566.
LaTeX Font Info:    Redeclaring font encoding OMS on input line 567.
\macc@depth=\count97
\c@MaxMatrixCols=\count98
\dotsspace@=\muskip10
\c@parentequation=\count99
\dspbrk@lvl=\count100
\tag@help=\toks17
\row@=\count101
\column@=\count102
\maxfields@=\count103
\andhelp@=\toks18
\eqnshift@=\dimen116
\alignsep@=\dimen117
\tagshift@=\dimen118
\tagwidth@=\dimen119
\totwidth@=\dimen120
\lineht@=\dimen121
\@envbody=\toks19
\multlinegap=\skip44
\multlinetaggap=\skip45
\mathdisplay@stack=\toks20
LaTeX Info: Redefining \[ on input line 2665.
LaTeX Info: Redefining \] on input line 2666.
)
(/usr/share/texlive/texmf-dist/tex/latex/was/gensymb.sty
Package: gensymb 2003/07/02 v1.0 (WaS)
)
(/usr/share/texlive/texmf-dist/tex/latex/cclicenses/cclicenses.sty
Package: cclicenses 2005/05/20 v0.4 CC licenses typesetting

(/usr/share/texlive/texmf-dist/tex/latex/rotating/rotating.sty
Package: rotating 2009/03/28 v2.16a rotated objects in LaTeX

(/usr/share/texlive/texmf-dist/tex/latex/base/ifthen.sty
Package: ifthen 2001/05/26 v1.1c Standard LaTeX ifthen package (DPC)
)
\c@r@tfl@t=\count104
\rotFPtop=\skip46
\rotFPbot=\skip47
\rot@float@box=\box28
\rot@mess@toks=\toks21
)
\chardim=\dimen122
\hdim=\dimen123
\htmp=\dimen124
\hpos=\count105
\vpos=\count106
)
(/usr/share/texlive/texmf-dist/tex/latex/listings/listings.sty
\lst@mode=\count107
\lst@gtempboxa=\box29
\lst@token=\toks22
\lst@length=\count108
\lst@currlwidth=\dimen125
\lst@column=\count109
\lst@pos=\count110
\lst@lostspace=\dimen126
\lst@width=\dimen127
\lst@newlines=\count111
\lst@lineno=\count112
\lst@maxwidth=\dimen128

(/usr/share/texlive/texmf-dist/tex/latex/listings/lstmisc.sty
File: lstmisc.sty 2013/08/26 1.5b (Carsten Heinz)
\c@lstnumber=\count113
\lst@skipnumbers=\count114
\lst@framebox=\box30
)
(/usr/share/texlive/texmf-dist/tex/latex/listings/listings.cfg
File: listings.cfg 2013/08/26 1.5b listings configuration
))
Package: listings 2013/08/26 1.5b (Carsten Heinz)

(/usr/share/texlive/texmf-dist/tex/latex/mdframed/mdframed.sty
Package: mdframed 2013/07/01 1.9b: mdframed

(/usr/share/texlive/texmf-dist/tex/latex/oberdiek/kvoptions.sty
Package: kvoptions 2011/06/30 v3.11 Key value format for package options (HO)

(/usr/share/texlive/texmf-dist/tex/generic/oberdiek/kvsetkeys.sty
Package: kvsetkeys 2012/04/25 v1.16 Key value parser (HO)

(/usr/share/texlive/texmf-dist/tex/generic/oberdiek/etexcmds.sty
Package: etexcmds 2011/02/16 v1.5 Avoid name clashes with e-TeX commands (HO)

(/usr/share/texlive/texmf-dist/tex/generic/oberdiek/ifluatex.sty
Package: ifluatex 2010/03/01 v1.3 Provides the ifluatex switch (HO)
Package ifluatex Info: LuaTeX not detected.
)
Package etexcmds Info: Could not find \expanded.
(etexcmds)             That can mean that you are not using pdfTeX 1.50 or
(etexcmds)             that some package has redefined \expanded.
(etexcmds)             In the latter case, load this package earlier.
)))
(/usr/share/texlive/texmf-dist/tex/latex/l3packages/xparse/xparse.sty
(/usr/share/texlive/texmf-dist/tex/latex/l3kernel/expl3.sty
(/usr/share/texlive/texmf-dist/tex/latex/l3kernel/l3names.sty
(/usr/share/texlive/texmf-dist/tex/latex/l3kernel/l3bootstrap.sty
Package: l3bootstrap 2014/01/04 v4640 L3 Experimental bootstrap code
)
Package: l3names 2014/01/04 v4640 L3 Namespace for primitives
)
(/usr/share/texlive/texmf-dist/tex/latex/etex-pkg/etex.sty
Package: etex 1998/03/26 v2.0 eTeX basic definition package (PEB)
\et@xins=\count115
)
Package: expl3 2014/01/07 v4646 L3 Experimental code bundle wrapper

(/usr/share/texlive/texmf-dist/tex/latex/l3kernel/l3basics.sty
Package: l3basics 2014/01/04 v4642 L3 Basic definitions
)
(/usr/share/texlive/texmf-dist/tex/latex/l3kernel/l3expan.sty
Package: l3expan 2014/01/04 v4642 L3 Argument expansion
)
(/usr/share/texlive/texmf-dist/tex/latex/l3kernel/l3tl.sty
Package: l3tl 2013/12/27 v4625 L3 Token lists
)
(/usr/share/texlive/texmf-dist/tex/latex/l3kernel/l3seq.sty
Package: l3seq 2013/12/14 v4623 L3 Sequences and stacks
)
(/usr/share/texlive/texmf-dist/tex/latex/l3kernel/l3int.sty
Package: l3int 2013/08/02 v4583 L3 Integers
\c_max_int=\count116
\l_tmpa_int=\count117
\l_tmpb_int=\count118
\g_tmpa_int=\count119
\g_tmpb_int=\count120
)
(/usr/share/texlive/texmf-dist/tex/latex/l3kernel/l3quark.sty
Package: l3quark 2013/12/14 v4623 L3 Quarks
)
(/usr/share/texlive/texmf-dist/tex/latex/l3kernel/l3prg.sty
Package: l3prg 2014/01/04 v4642 L3 Control structures
\g__prg_map_int=\count121
)
(/usr/share/texlive/texmf-dist/tex/latex/l3kernel/l3clist.sty
Package: l3clist 2013/07/28 v4581 L3 Comma separated lists
)
(/usr/share/texlive/texmf-dist/tex/latex/l3kernel/l3token.sty
Package: l3token 2013/08/25 v4587 L3 Experimental token manipulation
)
(/usr/share/texlive/texmf-dist/tex/latex/l3kernel/l3prop.sty
Package: l3prop 2013/12/14 v4623 L3 Property lists
)
(/usr/share/texlive/texmf-dist/tex/latex/l3kernel/l3msg.sty
Package: l3msg 2013/07/28 v4581 L3 Messages
)
(/usr/share/texlive/texmf-dist/tex/latex/l3kernel/l3file.sty
Package: l3file 2013/10/13 v4596 L3 File and I/O operations
\l_iow_line_count_int=\count122
\l__iow_target_count_int=\count123
\l__iow_current_line_int=\count124
\l__iow_current_word_int=\count125
\l__iow_current_indentation_int=\count126
)
(/usr/share/texlive/texmf-dist/tex/latex/l3kernel/l3skip.sty
Package: l3skip 2013/07/28 v4581 L3 Dimensions and skips
\c_zero_dim=\dimen129
\c_max_dim=\dimen130
\l_tmpa_dim=\dimen131
\l_tmpb_dim=\dimen132
\g_tmpa_dim=\dimen133
\g_tmpb_dim=\dimen134
\c_zero_skip=\skip48
\c_max_skip=\skip49
\l_tmpa_skip=\skip50
\l_tmpb_skip=\skip51
\g_tmpa_skip=\skip52
\g_tmpb_skip=\skip53
\c_zero_muskip=\muskip11
\c_max_muskip=\muskip12
\l_tmpa_muskip=\muskip13
\l_tmpb_muskip=\muskip14
\g_tmpa_muskip=\muskip15
\g_tmpb_muskip=\muskip16
)
(/usr/share/texlive/texmf-dist/tex/latex/l3kernel/l3keys.sty
Package: l3keys 2013/12/08 v4614 L3 Experimental key-value interfaces
\g__keyval_level_int=\count127
\l_keys_choice_int=\count128
)
(/usr/share/texlive/texmf-dist/tex/latex/l3kernel/l3fp.sty
Package: l3fp 2014/01/04 v4642 L3 Floating points
\c__fp_leading_shift_int=\count129
\c__fp_middle_shift_int=\count130
\c__fp_trailing_shift_int=\count131
\c__fp_big_leading_shift_int=\count132
\c__fp_big_middle_shift_int=\count133
\c__fp_big_trailing_shift_int=\count134
\c__fp_Bigg_leading_shift_int=\count135
\c__fp_Bigg_middle_shift_int=\count136
\c__fp_Bigg_trailing_shift_int=\count137
)
(/usr/share/texlive/texmf-dist/tex/latex/l3kernel/l3box.sty
Package: l3box 2013/07/28 v4581 L3 Experimental boxes
\c_empty_box=\box31
\l_tmpa_box=\box32
\l_tmpb_box=\box33
\g_tmpa_box=\box34
\g_tmpb_box=\box35
)
(/usr/share/texlive/texmf-dist/tex/latex/l3kernel/l3coffins.sty
Package: l3coffins 2013/12/14 v4624 L3 Coffin code layer
\l__coffin_internal_box=\box36
\l__coffin_internal_dim=\dimen135
\l__coffin_offset_x_dim=\dimen136
\l__coffin_offset_y_dim=\dimen137
\l__coffin_x_dim=\dimen138
\l__coffin_y_dim=\dimen139
\l__coffin_x_prime_dim=\dimen140
\l__coffin_y_prime_dim=\dimen141
\c_empty_coffin=\box37
\l__coffin_aligned_coffin=\box38
\l__coffin_aligned_internal_coffin=\box39
\l_tmpa_coffin=\box40
\l_tmpb_coffin=\box41
\l__coffin_display_coffin=\box42
\l__coffin_display_coord_coffin=\box43
\l__coffin_display_pole_coffin=\box44
\l__coffin_display_offset_dim=\dimen142
\l__coffin_display_x_dim=\dimen143
\l__coffin_display_y_dim=\dimen144
)
(/usr/share/texlive/texmf-dist/tex/latex/l3kernel/l3color.sty
Package: l3color 2012/08/29 v4156 L3 Experimental color support
)
(/usr/share/texlive/texmf-dist/tex/latex/l3kernel/l3luatex.sty
Package: l3luatex 2013/07/28 v4581 L3 Experimental LuaTeX-specific functions
\g__cctab_allocate_int=\count138
\g__cctab_stack_int=\count139
)
(/usr/share/texlive/texmf-dist/tex/latex/l3kernel/l3candidates.sty
Package: l3candidates 2014/01/06 v4643 L3 Experimental additions to l3kernel
\l__box_top_dim=\dimen145
\l__box_bottom_dim=\dimen146
\l__box_left_dim=\dimen147
\l__box_right_dim=\dimen148
\l__box_top_new_dim=\dimen149
\l__box_bottom_new_dim=\dimen150
\l__box_left_new_dim=\dimen151
\l__box_right_new_dim=\dimen152
\l__box_internal_box=\box45
\l__coffin_bounding_shift_dim=\dimen153
\l__coffin_left_corner_dim=\dimen154
\l__coffin_right_corner_dim=\dimen155
\l__coffin_bottom_corner_dim=\dimen156
\l__coffin_top_corner_dim=\dimen157
\l__coffin_scaled_total_height_dim=\dimen158
\l__coffin_scaled_width_dim=\dimen159
))
Package: xparse 2013/12/31 v4634 L3 Experimental document command parser
\l__xparse_current_arg_int=\count140
\l__xparse_m_args_int=\count141
\l__xparse_mandatory_args_int=\count142
\l__xparse_processor_int=\count143
\l__xparse_v_nesting_int=\count144
)
(/usr/share/texlive/texmf-dist/tex/latex/etoolbox/etoolbox.sty
Package: etoolbox 2011/01/03 v2.1 e-TeX tools for LaTeX
\etb@tempcnta=\count145
)
(/usr/share/texlive/texmf-dist/tex/latex/oberdiek/zref-abspage.sty
Package: zref-abspage 2012/04/04 v2.24 Module abspage for zref (HO)

(/usr/share/texlive/texmf-dist/tex/latex/oberdiek/zref-base.sty
Package: zref-base 2012/04/04 v2.24 Module base for zref (HO)

(/usr/share/texlive/texmf-dist/tex/generic/oberdiek/kvdefinekeys.sty
Package: kvdefinekeys 2011/04/07 v1.3 Define keys (HO)
)
(/usr/share/texlive/texmf-dist/tex/generic/oberdiek/pdftexcmds.sty
Package: pdftexcmds 2011/11/29 v0.20 Utility functions of pdfTeX for LuaTeX (HO
)
Package pdftexcmds Info: LuaTeX not detected.
Package pdftexcmds Info: \pdf@primitive is available.
Package pdftexcmds Info: \pdf@ifprimitive is available.
Package pdftexcmds Info: \pdfdraftmode found.
)
(/usr/share/texlive/texmf-dist/tex/latex/oberdiek/auxhook.sty
Package: auxhook 2011/03/04 v1.3 Hooks for auxiliary files (HO)
)
Package zref Info: New property list: main on input line 759.
Package zref Info: New property: default on input line 760.
Package zref Info: New property: page on input line 761.
)
(/usr/share/texlive/texmf-dist/tex/generic/oberdiek/atbegshi.sty
Package: atbegshi 2011/10/05 v1.16 At begin shipout hook (HO)
)
\c@abspage=\count146
Package zref Info: New property: abspage on input line 62.
)
(/usr/share/texlive/texmf-dist/tex/latex/needspace/needspace.sty
Package: needspace 2010/09/12 v1.3d reserve vertical space
)
(/usr/share/texlive/texmf-dist/tex/latex/graphics/color.sty
Package: color 2005/11/14 v1.0j Standard LaTeX Color (DPC)

(/usr/share/texlive/texmf-dist/tex/latex/latexconfig/color.cfg
File: color.cfg 2007/01/18 v1.5 color configuration of teTeX/TeXLive
)
Package color Info: Driver file: pdftex.def on input line 130.
)
\mdf@templength=\skip54
\c@mdf@globalstyle@cnt=\count147
\mdf@skipabove@length=\skip55
\mdf@skipbelow@length=\skip56
\mdf@leftmargin@length=\skip57
\mdf@rightmargin@length=\skip58
\mdf@innerleftmargin@length=\skip59
\mdf@innerrightmargin@length=\skip60
\mdf@innertopmargin@length=\skip61
\mdf@innerbottommargin@length=\skip62
\mdf@splittopskip@length=\skip63
\mdf@splitbottomskip@length=\skip64
\mdf@outermargin@length=\skip65
\mdf@innermargin@length=\skip66
\mdf@linewidth@length=\skip67
\mdf@innerlinewidth@length=\skip68
\mdf@middlelinewidth@length=\skip69
\mdf@outerlinewidth@length=\skip70
\mdf@roundcorner@length=\skip71
\mdf@footenotedistance@length=\skip72
\mdf@userdefinedwidth@length=\skip73
\mdf@needspace@length=\skip74
\mdf@frametitleaboveskip@length=\skip75
\mdf@frametitlebelowskip@length=\skip76
\mdf@frametitlerulewidth@length=\skip77
\mdf@frametitleleftmargin@length=\skip78
\mdf@frametitlerightmargin@length=\skip79
\mdf@shadowsize@length=\skip80
\mdf@extratopheight@length=\skip81
\mdf@subtitleabovelinewidth@length=\skip82
\mdf@subtitlebelowlinewidth@length=\skip83
\mdf@subtitleaboveskip@length=\skip84
\mdf@subtitlebelowskip@length=\skip85
\mdf@subtitleinneraboveskip@length=\skip86
\mdf@subtitleinnerbelowskip@length=\skip87
\mdf@subsubtitleabovelinewidth@length=\skip88
\mdf@subsubtitlebelowlinewidth@length=\skip89
\mdf@subsubtitleaboveskip@length=\skip90
\mdf@subsubtitlebelowskip@length=\skip91
\mdf@subsubtitleinneraboveskip@length=\skip92
\mdf@subsubtitleinnerbelowskip@length=\skip93

(/usr/share/texmf/tex/latex/pgf/frontendlayer/tikz.sty
(/usr/share/texmf/tex/latex/pgf/basiclayer/pgf.sty
(/usr/share/texmf/tex/latex/pgf/utilities/pgfrcs.sty
(/usr/share/texmf/tex/generic/pgf/utilities/pgfutil-common.tex
\pgfutil@everybye=\toks23
)
(/usr/share/texmf/tex/generic/pgf/utilities/pgfutil-latex.def
\pgfutil@abb=\box46

(/usr/share/texlive/texmf-dist/tex/latex/ms/everyshi.sty
Package: everyshi 2001/05/15 v3.00 EveryShipout Package (MS)
))
(/usr/share/texmf/tex/generic/pgf/utilities/pgfrcs.code.tex
Package: pgfrcs 2010/10/25 v2.10 (rcs-revision 1.24)
))
Package: pgf 2008/01/15 v2.10 (rcs-revision 1.12)

(/usr/share/texmf/tex/latex/pgf/basiclayer/pgfcore.sty
(/usr/share/texmf/tex/latex/pgf/systemlayer/pgfsys.sty
(/usr/share/texmf/tex/generic/pgf/systemlayer/pgfsys.code.tex
Package: pgfsys 2010/06/30 v2.10 (rcs-revision 1.37)

(/usr/share/texmf/tex/generic/pgf/utilities/pgfkeys.code.tex
\pgfkeys@pathtoks=\toks24
\pgfkeys@temptoks=\toks25

(/usr/share/texmf/tex/generic/pgf/utilities/pgfkeysfiltered.code.tex
\pgfkeys@tmptoks=\toks26
))
\pgf@x=\dimen160
\pgf@y=\dimen161
\pgf@xa=\dimen162
\pgf@ya=\dimen163
\pgf@xb=\dimen164
\pgf@yb=\dimen165
\pgf@xc=\dimen166
\pgf@yc=\dimen167
\w@pgf@writea=\write3
\r@pgf@reada=\read1
\c@pgf@counta=\count148
\c@pgf@countb=\count149
\c@pgf@countc=\count150
\c@pgf@countd=\count151

(/usr/share/texmf/tex/generic/pgf/systemlayer/pgf.cfg
File: pgf.cfg 2008/05/14  (rcs-revision 1.7)
)
Package pgfsys Info: Driver file for pgf: pgfsys-pdftex.def on input line 900.

(/usr/share/texmf/tex/generic/pgf/systemlayer/pgfsys-pdftex.def
File: pgfsys-pdftex.def 2009/05/22  (rcs-revision 1.26)

(/usr/share/texmf/tex/generic/pgf/systemlayer/pgfsys-common-pdf.def
File: pgfsys-common-pdf.def 2008/05/19  (rcs-revision 1.10)
)))
(/usr/share/texmf/tex/generic/pgf/systemlayer/pgfsyssoftpath.code.tex
File: pgfsyssoftpath.code.tex 2008/07/18  (rcs-revision 1.7)
\pgfsyssoftpath@smallbuffer@items=\count152
\pgfsyssoftpath@bigbuffer@items=\count153
)
(/usr/share/texmf/tex/generic/pgf/systemlayer/pgfsysprotocol.code.tex
File: pgfsysprotocol.code.tex 2006/10/16  (rcs-revision 1.4)
))
(/usr/share/texmf/tex/latex/xcolor/xcolor.sty
Package: xcolor 2007/01/21 v2.11 LaTeX color extensions (UK)

(/usr/share/texlive/texmf-dist/tex/latex/latexconfig/color.cfg
File: color.cfg 2007/01/18 v1.5 color configuration of teTeX/TeXLive
)
Package xcolor Info: Driver file: pdftex.def on input line 225.
LaTeX Info: Redefining \color on input line 702.
Package xcolor Info: Model `cmy' substituted by `cmy0' on input line 1337.
Package xcolor Info: Model `hsb' substituted by `rgb' on input line 1341.
Package xcolor Info: Model `RGB' extended on input line 1353.
Package xcolor Info: Model `HTML' substituted by `rgb' on input line 1355.
Package xcolor Info: Model `Hsb' substituted by `hsb' on input line 1356.
Package xcolor Info: Model `tHsb' substituted by `hsb' on input line 1357.
Package xcolor Info: Model `HSB' substituted by `hsb' on input line 1358.
Package xcolor Info: Model `Gray' substituted by `gray' on input line 1359.
Package xcolor Info: Model `wave' substituted by `hsb' on input line 1360.
)
(/usr/share/texmf/tex/generic/pgf/basiclayer/pgfcore.code.tex
Package: pgfcore 2010/04/11 v2.10 (rcs-revision 1.7)

(/usr/share/texmf/tex/generic/pgf/math/pgfmath.code.tex
(/usr/share/texmf/tex/generic/pgf/math/pgfmathcalc.code.tex
(/usr/share/texmf/tex/generic/pgf/math/pgfmathutil.code.tex)
(/usr/share/texmf/tex/generic/pgf/math/pgfmathparser.code.tex
\pgfmath@dimen=\dimen168
\pgfmath@count=\count154
\pgfmath@box=\box47
\pgfmath@toks=\toks27
\pgfmath@stack@operand=\toks28
\pgfmath@stack@operation=\toks29
)
(/usr/share/texmf/tex/generic/pgf/math/pgfmathfunctions.code.tex
(/usr/share/texmf/tex/generic/pgf/math/pgfmathfunctions.basic.code.tex)
(/usr/share/texmf/tex/generic/pgf/math/pgfmathfunctions.trigonometric.code.tex)
(/usr/share/texmf/tex/generic/pgf/math/pgfmathfunctions.random.code.tex)
(/usr/share/texmf/tex/generic/pgf/math/pgfmathfunctions.comparison.code.tex)
(/usr/share/texmf/tex/generic/pgf/math/pgfmathfunctions.base.code.tex)
(/usr/share/texmf/tex/generic/pgf/math/pgfmathfunctions.round.code.tex)
(/usr/share/texmf/tex/generic/pgf/math/pgfmathfunctions.misc.code.tex)))
(/usr/share/texmf/tex/generic/pgf/math/pgfmathfloat.code.tex
\c@pgfmathroundto@lastzeros=\count155
))
(/usr/share/texmf/tex/generic/pgf/basiclayer/pgfcorepoints.code.tex
File: pgfcorepoints.code.tex 2010/04/09  (rcs-revision 1.20)
\pgf@picminx=\dimen169
\pgf@picmaxx=\dimen170
\pgf@picminy=\dimen171
\pgf@picmaxy=\dimen172
\pgf@pathminx=\dimen173
\pgf@pathmaxx=\dimen174
\pgf@pathminy=\dimen175
\pgf@pathmaxy=\dimen176
\pgf@xx=\dimen177
\pgf@xy=\dimen178
\pgf@yx=\dimen179
\pgf@yy=\dimen180
\pgf@zx=\dimen181
\pgf@zy=\dimen182
)
(/usr/share/texmf/tex/generic/pgf/basiclayer/pgfcorepathconstruct.code.tex
File: pgfcorepathconstruct.code.tex 2010/08/03  (rcs-revision 1.24)
\pgf@path@lastx=\dimen183
\pgf@path@lasty=\dimen184
)
(/usr/share/texmf/tex/generic/pgf/basiclayer/pgfcorepathusage.code.tex
File: pgfcorepathusage.code.tex 2008/04/22  (rcs-revision 1.12)
\pgf@shorten@end@additional=\dimen185
\pgf@shorten@start@additional=\dimen186
)
(/usr/share/texmf/tex/generic/pgf/basiclayer/pgfcorescopes.code.tex
File: pgfcorescopes.code.tex 2010/09/08  (rcs-revision 1.34)
\pgfpic=\box48
\pgf@hbox=\box49
\pgf@layerbox@main=\box50
\pgf@picture@serial@count=\count156
)
(/usr/share/texmf/tex/generic/pgf/basiclayer/pgfcoregraphicstate.code.tex
File: pgfcoregraphicstate.code.tex 2008/04/22  (rcs-revision 1.9)
\pgflinewidth=\dimen187
)
(/usr/share/texmf/tex/generic/pgf/basiclayer/pgfcoretransformations.code.tex
File: pgfcoretransformations.code.tex 2009/06/10  (rcs-revision 1.11)
\pgf@pt@x=\dimen188
\pgf@pt@y=\dimen189
\pgf@pt@temp=\dimen190
)
(/usr/share/texmf/tex/generic/pgf/basiclayer/pgfcorequick.code.tex
File: pgfcorequick.code.tex 2008/10/09  (rcs-revision 1.3)
)
(/usr/share/texmf/tex/generic/pgf/basiclayer/pgfcoreobjects.code.tex
File: pgfcoreobjects.code.tex 2006/10/11  (rcs-revision 1.2)
)
(/usr/share/texmf/tex/generic/pgf/basiclayer/pgfcorepathprocessing.code.tex
File: pgfcorepathprocessing.code.tex 2008/10/09  (rcs-revision 1.8)
)
(/usr/share/texmf/tex/generic/pgf/basiclayer/pgfcorearrows.code.tex
File: pgfcorearrows.code.tex 2008/04/23  (rcs-revision 1.11)
)
(/usr/share/texmf/tex/generic/pgf/basiclayer/pgfcoreshade.code.tex
File: pgfcoreshade.code.tex 2008/11/23  (rcs-revision 1.13)
\pgf@max=\dimen191
\pgf@sys@shading@range@num=\count157
)
(/usr/share/texmf/tex/generic/pgf/basiclayer/pgfcoreimage.code.tex
File: pgfcoreimage.code.tex 2010/03/25  (rcs-revision 1.16)

(/usr/share/texmf/tex/generic/pgf/basiclayer/pgfcoreexternal.code.tex
File: pgfcoreexternal.code.tex 2010/09/01  (rcs-revision 1.17)
\pgfexternal@startupbox=\box51
))
(/usr/share/texmf/tex/generic/pgf/basiclayer/pgfcorelayers.code.tex
File: pgfcorelayers.code.tex 2010/08/27  (rcs-revision 1.2)
)
(/usr/share/texmf/tex/generic/pgf/basiclayer/pgfcoretransparency.code.tex
File: pgfcoretransparency.code.tex 2008/01/17  (rcs-revision 1.2)
)
(/usr/share/texmf/tex/generic/pgf/basiclayer/pgfcorepatterns.code.tex
File: pgfcorepatterns.code.tex 2009/07/02  (rcs-revision 1.3)
)))
(/usr/share/texmf/tex/generic/pgf/modules/pgfmoduleshapes.code.tex
File: pgfmoduleshapes.code.tex 2010/09/09  (rcs-revision 1.13)
\pgfnodeparttextbox=\box52
)
(/usr/share/texmf/tex/generic/pgf/modules/pgfmoduleplot.code.tex
File: pgfmoduleplot.code.tex 2010/10/22  (rcs-revision 1.8)
)
(/usr/share/texmf/tex/latex/pgf/compatibility/pgfcomp-version-0-65.sty
Package: pgfcomp-version-0-65 2007/07/03 v2.10 (rcs-revision 1.7)
\pgf@nodesepstart=\dimen192
\pgf@nodesepend=\dimen193
)
(/usr/share/texmf/tex/latex/pgf/compatibility/pgfcomp-version-1-18.sty
Package: pgfcomp-version-1-18 2007/07/23 v2.10 (rcs-revision 1.1)
))
(/usr/share/texmf/tex/latex/pgf/utilities/pgffor.sty
(/usr/share/texmf/tex/latex/pgf/utilities/pgfkeys.sty
(/usr/share/texmf/tex/generic/pgf/utilities/pgfkeys.code.tex))
(/usr/share/texmf/tex/generic/pgf/utilities/pgffor.code.tex
Package: pgffor 2010/03/23 v2.10 (rcs-revision 1.18)
\pgffor@iter=\dimen194
\pgffor@skip=\dimen195
\pgffor@stack=\toks30
\pgffor@toks=\toks31
))
(/usr/share/texmf/tex/generic/pgf/frontendlayer/tikz/tikz.code.tex
Package: tikz 2010/10/13 v2.10 (rcs-revision 1.76)

(/usr/share/texmf/tex/generic/pgf/libraries/pgflibraryplothandlers.code.tex
File: pgflibraryplothandlers.code.tex 2010/05/31 v2.10 (rcs-revision 1.15)
\pgf@plot@mark@count=\count158
\pgfplotmarksize=\dimen196
)
\tikz@lastx=\dimen197
\tikz@lasty=\dimen198
\tikz@lastxsaved=\dimen199
\tikz@lastysaved=\dimen200
\tikzleveldistance=\dimen201
Normal \dimen register pool exhausted, switching to extended pool.
\tikzsiblingdistance=\dimen256
\tikz@figbox=\box53
\tikz@tempbox=\box54
\tikztreelevel=\count159
\tikznumberofchildren=\count160
\tikznumberofcurrentchild=\count161
\tikz@fig@count=\count162

(/usr/share/texmf/tex/generic/pgf/modules/pgfmodulematrix.code.tex
File: pgfmodulematrix.code.tex 2010/08/24  (rcs-revision 1.4)
\pgfmatrixcurrentrow=\count163
\pgfmatrixcurrentcolumn=\count164
\pgf@matrix@numberofcolumns=\count165
)
\tikz@expandcount=\count166

(/usr/share/texmf/tex/generic/pgf/frontendlayer/tikz/libraries/tikzlibrarytopat
hs.code.tex
File: tikzlibrarytopaths.code.tex 2008/06/17 v2.10 (rcs-revision 1.2)
))) (/usr/share/texlive/texmf-dist/tex/latex/mdframed/md-frame-1.mdf
File: md-frame-1.mdf 2013/07/01\ 1.9b: md-frame-1
)
\mdf@frametitlebox=\box55
\mdf@footnotebox=\box56
\mdf@splitbox@one=\box57
\mdf@splitbox@two=\box58
\mdf@splitbox@save=\box59
\mdfsplitboxwidth=\skip94
\mdfsplitboxtotalwidth=\skip95
\mdfsplitboxheight=\skip96
\mdfsplitboxdepth=\skip97
\mdfsplitboxtotalheight=\skip98
\mdfframetitleboxwidth=\skip99
\mdfframetitleboxtotalwidth=\skip100
\mdfframetitleboxheight=\skip101
\mdfframetitleboxdepth=\skip102
\mdfframetitleboxtotalheight=\skip103
\mdffootnoteboxwidth=\skip104
\mdffootnoteboxtotalwidth=\skip105
\mdffootnoteboxheight=\skip106
\mdffootnoteboxdepth=\skip107
\mdffootnoteboxtotalheight=\skip108
\mdftotallinewidth=\skip109
\mdfboundingboxwidth=\skip110
\mdfboundingboxtotalwidth=\skip111
\mdfboundingboxheight=\skip112
\mdfboundingboxdepth=\skip113
\mdfboundingboxtotalheight=\skip114
\mdf@freevspace@length=\skip115
\mdf@horizontalwidthofbox@length=\skip116
\mdf@verticalmarginwhole@length=\skip117
\mdf@horizontalspaceofbox=\skip118
\mdfsubtitleheight=\skip119
\mdfsubsubtitleheight=\skip120
\c@mdfcountframes=\count167

****** mdframed patching \endmdf@trivlist

****** -- success******

.................................................
. LaTeX info: "xparse/define-command"
. 
. Defining document command \newmdtheoremenv with arg. spec. 'O{} m o m o ' on
. line 601.
.................................................
.................................................
. LaTeX info: "xparse/define-command"
. 
. Defining document command \mdtheorem with arg. spec. ' O{} m o m o ' on line
. 701.
.................................................
\mdf@envdepth=\count168
\c@mdf@env@i=\count169
\c@mdf@env@ii=\count170
\c@mdf@zref@counter=\count171
Package zref Info: New property: mdf@pagevalue on input line 895.
) (./MtechIIReport.aux)
\openout1 = `MtechIIReport.aux'.

LaTeX Font Info:    Checking defaults for OML/cmm/m/it on input line 13.
LaTeX Font Info:    ... okay on input line 13.
LaTeX Font Info:    Checking defaults for T1/cmr/m/n on input line 13.
LaTeX Font Info:    ... okay on input line 13.
LaTeX Font Info:    Checking defaults for OT1/cmr/m/n on input line 13.
LaTeX Font Info:    ... okay on input line 13.
LaTeX Font Info:    Checking defaults for OMS/cmsy/m/n on input line 13.
LaTeX Font Info:    ... okay on input line 13.
LaTeX Font Info:    Checking defaults for OMX/cmex/m/n on input line 13.
LaTeX Font Info:    ... okay on input line 13.
LaTeX Font Info:    Checking defaults for U/cmr/m/n on input line 13.
LaTeX Font Info:    ... okay on input line 13.

*geometry* driver: auto-detecting
*geometry* detected driver: pdftex
*geometry* verbose mode - [ preamble ] result:
* driver: pdftex
* paper: a4paper
* layout: <same size as paper>
* layoutoffset:(h,v)=(0.0pt,0.0pt)
* modes: 
* h-part:(L,W,R)=(81.94394pt, 433.62pt, 81.94394pt)
* v-part:(T,H,B)=(77.84674pt, 650.43pt, 116.77011pt)
* \paperwidth=597.50787pt
* \paperheight=845.04684pt
* \textwidth=433.62pt
* \textheight=650.43pt
* \oddsidemargin=9.67395pt
* \evensidemargin=9.67395pt
* \topmargin=-31.42325pt
* \headheight=12.0pt
* \headsep=25.0pt
* \topskip=12.0pt
* \footskip=30.0pt
* \marginparwidth=44.0pt
* \marginparsep=10.0pt
* \columnsep=10.0pt
* \skip\footins=10.8pt plus 4.0pt minus 2.0pt
* \hoffset=0.0pt
* \voffset=0.0pt
* \mag=1000
* \@twocolumnfalse
* \@twosidefalse
* \@mparswitchfalse
* \@reversemarginfalse
* (1in=72.27pt=25.4mm, 1cm=28.453pt)

(/usr/share/texlive/texmf-dist/tex/context/base/supp-pdf.mkii
[Loading MPS to PDF converter (version 2006.09.02).]
\scratchcounter=\count172
\scratchdimen=\dimen257
\scratchbox=\box60
\nofMPsegments=\count173
\nofMParguments=\count174
\everyMPshowfont=\toks32
\MPscratchCnt=\count175
\MPscratchDim=\dimen258
\MPnumerator=\count176
\makeMPintoPDFobject=\count177
\everyMPtoPDFconversion=\toks33
) (/usr/share/texlive/texmf-dist/tex/latex/oberdiek/epstopdf-base.sty
Package: epstopdf-base 2010/02/09 v2.5 Base part for package epstopdf

(/usr/share/texlive/texmf-dist/tex/latex/oberdiek/grfext.sty
Package: grfext 2010/08/19 v1.1 Manage graphics extensions (HO)
)
Package grfext Info: Graphics extension search list:
(grfext)             [.png,.pdf,.jpg,.mps,.jpeg,.jbig2,.jb2,.PNG,.PDF,.JPG,.JPE
G,.JBIG2,.JB2,.eps]
(grfext)             \AppendGraphicsExtensions on input line 452.

(/usr/share/texlive/texmf-dist/tex/latex/latexconfig/epstopdf-sys.cfg
File: epstopdf-sys.cfg 2010/07/13 v1.3 Configuration of (r)epstopdf for TeX Liv
e
))
LaTeX Info: Redefining \celsius on input line 13.
Package gensymb Info: Faking symbols for \degree and \celsius on input line 13.



Package gensymb Warning: Not defining \perthousand.

LaTeX Info: Redefining \ohm on input line 13.
Package gensymb Info: Using \Omega for \ohm on input line 13.

Package gensymb Warning: Not defining \micro.

\c@lstlisting=\count178
\AtBeginShipoutBox=\box61
ABD: EveryShipout initializing macros

! LaTeX Error: File `university' not found.

See the LaTeX manual or LaTeX Companion for explanation.
Type  H <return>  for immediate help.
 ...                                              
                                                  
l.34 ...egraphics[width=0.4\textwidth]{university}
                                                   \\
? 

! LaTeX Error: There's no line here to end.

See the LaTeX manual or LaTeX Companion for explanation.
Type  H <return>  for immediate help.
 ...                                              
                                                  
l.34 ...aphics[width=0.4\textwidth]{university} \\
                                                  
? 
[1

{/var/lib/texmf/fonts/map/pdftex/updmap/pdftex.map}] [1] [1]
(./MtechIIReport.toc [2

])
\tf@toc=\write4
\openout4 = `MtechIIReport.toc'.

 [3] (./MtechIIReport.lot)
\tf@lot=\write5
\openout5 = `MtechIIReport.lot'.

 [4

] (./MtechIIReport.lof)
\tf@lof=\write6
\openout6 = `MtechIIReport.lof'.


[5

]
Chapter 1.
LaTeX Font Info:    Try loading font information for OMS+cmr on input line 65.
(/usr/share/texlive/texmf-dist/tex/latex/base/omscmr.fd
File: omscmr.fd 1999/05/25 v2.5h Standard LaTeX font definitions
)
LaTeX Font Info:    Font shape `OMS/cmr/m/n' in size <12> not available
(Font)              Font shape `OMS/cmsy/m/n' tried instead on input line 65.
 [6

]
Chapter 2.
[7

] [8]
Missing character: There is no ‚ in font cmr12!
 [9] [10]
Chapter 3.
[11

] [12] [13] [14]
Missing character: There is no ‚ in font cmr12!
 [15]
Chapter 4.
Missing character: There is no ‚ in font cmr12!

LaTeX Warning: Citation `PeterFrit' on page 16 undefined on input line 256.


LaTeX Warning: Citation `PeterFrit' on page 16 undefined on input line 258.

[16

] <om1.png, id=66, 624.3325pt x 366.36874pt>
File: om1.png Graphic file (type png)
 <use om1.png>
Package pdftex.def Info: om1.png used on input line 266.
(pdftex.def)             Requested size: 433.62pt x 254.46062pt.


LaTeX Warning: Citation `PeterFrit' on page 17 undefined on input line 267.

[17]
Missing character: There is no ‚ in font cmr12!
Missing character: There is no ‚ in font cmr12!
 [18 <./om1.png>] [19]
Chapter 5.

LaTeX Warning: Reference `PyC1' on page 20 undefined on input line 310.


LaTeX Warning: Reference `appenA' on page 20 undefined on input line 310.

[20

]

! LaTeX Error: File `PytC1' not found.

See the LaTeX manual or LaTeX Companion for explanation.
Type  H <return>  for immediate help.
 ...                                              
                                                  
l.314 \includegraphics[width=1\linewidth]{PytC1}
                                                
? 

LaTeX Warning: Reference `PyC2' on page 21 undefined on input line 325.


LaTeX Warning: Reference `appenB' on page 21 undefined on input line 325.


! LaTeX Error: File `PytC2' not found.

See the LaTeX manual or LaTeX Companion for explanation.
Type  H <return>  for immediate help.
 ...                                              
                                                  
l.329 \includegraphics[width=1\linewidth]{PytC2}
                                                
? 
[21]
Missing character: There is no ‚ in font cmr12!
Missing character: There is no ‚ in font cmr12!
 [22] [23]
Chapter 6.
[24

]
Overfull \hbox (6.53773pt too wide) in paragraph at lines 376--376
[]\OT1/cmr/bx/n/17.28 Development of the three com-po-nents of a ther-
 []


LaTeX Warning: Reference `appenC' on page 25 undefined on input line 383.


Underfull \hbox (badness 10000) in paragraph at lines 385--386

 []

[25] [26]

LaTeX Warning: Citation `DWSIM' on page 27 undefined on input line 453.


LaTeX Warning: Citation `PR' on page 27 undefined on input line 456.


Underfull \hbox (badness 10000) in paragraph at lines 460--466

 []


Underfull \hbox (badness 10000) in paragraph at lines 469--475

 []


LaTeX Warning: Citation `DWSIM' on page 27 undefined on input line 476.

[27]

LaTeX Warning: Citation `SRK' on page 28 undefined on input line 489.


LaTeX Warning: Citation `NRTL' on page 28 undefined on input line 507.

Missing character: There is no ‚ in font cmr12!
[28] [29]
Chapter 7.

! LaTeX Error: File `DP1' not found.

See the LaTeX manual or LaTeX Companion for explanation.
Type  H <return>  for immediate help.
 ...                                              
                                                  
l.543 \includegraphics[width=1\linewidth]{DP1}
                                              
? 
[30

] <DP.png, id=119, 899.36pt x 568.1225pt>
File: DP.png Graphic file (type png)
 <use DP.png>
Package pdftex.def Info: DP.png used on input line 560.
(pdftex.def)             Requested size: 346.89731pt x 219.13094pt.


! LaTeX Error: File `VLE4' not found.

See the LaTeX manual or LaTeX Companion for explanation.
Type  H <return>  for immediate help.
 ...                                              
                                                  
l.568 \includegraphics[width=0.8\linewidth]{VLE4}
                                                 
? 
[31 <./DP.png>]
Missing character: There is no ‚ in font cmr12!


LaTeX Warning: Citation `Beigler' on page 32 undefined on input line 580.

[32]

LaTeX Warning: Citation `PHD' on page 33 undefined on input line 616.

[33]
Missing character: There is no ∑ in font cmr12!
Missing character: There is no ∑ in font cmr12!
Missing character: There is no ∑ in font cmr12!
Missing character: There is no í in font cmr12!
 [34]

LaTeX Warning: Reference `SD1' on page 35 undefined on input line 678.


LaTeX Warning: Reference `SD2' on page 35 undefined on input line 678.


Underfull \hbox (badness 10000) in paragraph at lines 678--679

 []


! LaTeX Error: File `SD' not found.

See the LaTeX manual or LaTeX Companion for explanation.
Type  H <return>  for immediate help.
 ...                                              
                                                  
l.682 \includegraphics[width=0.9\linewidth]{SD}
                                               
? 
[35]

! LaTeX Error: File `SD2' not found.

See the LaTeX manual or LaTeX Companion for explanation.
Type  H <return>  for immediate help.
 ...                                              
                                                  
l.689 \includegraphics[width=0.9\linewidth]{SD2}
                                                
? 

LaTeX Warning: Reference `SD3' on page 36 undefined on input line 694.


LaTeX Warning: Reference `SD4' on page 36 undefined on input line 694.


! LaTeX Error: File `SD3' not found.

See the LaTeX manual or LaTeX Companion for explanation.
Type  H <return>  for immediate help.
 ...                                              
                                                  
l.698 \includegraphics[width=0.9\linewidth]{SD3}
                                                
? 

! LaTeX Error: File `SD4' not found.

See the LaTeX manual or LaTeX Companion for explanation.
Type  H <return>  for immediate help.
 ...                                              
                                                  
l.704 \includegraphics[width=0.9\linewidth]{SD4}
                                                
? 
[36] [37]
Chapter 8.
Missing character: There is no ‚ in font cmr12!
[38

]
Appendix A.
(/usr/share/texlive/texmf-dist/tex/latex/listings/lstlang1.sty
File: lstlang1.sty 2013/08/26 1.5b listings language file
)
Missing character: There is no ‚ in font cmr12!
Missing character: There is no Ä in font cmr12!
Missing character: There is no ù in font cmr12!
Missing character: There is no ‚ in font cmr12!
Missing character: There is no Ä in font cmr12!
Missing character: There is no ù in font cmr12!

Overfull \hbox (193.82892pt too wide) in paragraph at lines 727--728
[][][][][][][][][][][][][][][][][][][][][][][][][][] 
 []

Missing character: There is no ‚ in font cmr12!
Missing character: There is no Ä in font cmr12!
Missing character: There is no ù in font cmr12!
Missing character: There is no ‚ in font cmr12!
Missing character: There is no Ä in font cmr12!
Missing character: There is no ù in font cmr12!
Missing character: There is no ‚ in font cmr12!
Missing character: There is no Ä in font cmr12!
Missing character: There is no ù in font cmr12!
Missing character: There is no ‚ in font cmr12!
Missing character: There is no Ä in font cmr12!
Missing character: There is no ù in font cmr12!

Overfull \hbox (130.37903pt too wide) in paragraph at lines 731--732
[][][][][][][][][][][][][][][][][][][][] 
 []

Missing character: There is no ‚ in font cmr12!
Missing character: There is no Ä in font cmr12!
Missing character: There is no ù in font cmr12!
Missing character: There is no ‚ in font cmr12!
Missing character: There is no Ä in font cmr12!
Missing character: There is no ù in font cmr12!

Overfull \hbox (88.0791pt too wide) in paragraph at lines 735--736
[][][][][][][][][][][][][][][][][][][][][][][][][] 
 []


Overfull \hbox (66.92914pt too wide) in paragraph at lines 737--738
[][][][][][][][][][][][][][][][][][][][][][][][][][] 
 []

Missing character: There is no ‚ in font cmr12!
Missing character: There is no Ä in font cmr12!
Missing character: There is no ù in font cmr12!
Missing character: There is no ‚ in font cmr12!
Missing character: There is no Ä in font cmr12!
Missing character: There is no ù in font cmr12!

Overfull \hbox (38.72919pt too wide) in paragraph at lines 739--740
[][][][][][][][][][][][][][][][][] 
 []

Missing character: There is no ‚ in font cmr12!
Missing character: There is no Ä in font cmr12!
Missing character: There is no ù in font cmr12!
Missing character: There is no ‚ in font cmr12!
Missing character: There is no Ä in font cmr12!
Missing character: There is no ù in font cmr12!
Missing character: There is no ‚ in font cmr12!
Missing character: There is no Ä in font cmr12!
Missing character: There is no ù in font cmr12!
Missing character: There is no ‚ in font cmr12!
Missing character: There is no Ä in font cmr12!
Missing character: There is no ù in font cmr12!
Missing character: There is no ‚ in font cmr12!
Missing character: There is no Ä in font cmr12!
Missing character: There is no ù in font cmr12!
Missing character: There is no ‚ in font cmr12!
Missing character: There is no Ä in font cmr12!
Missing character: There is no ù in font cmr12!
Missing character: There is no ‚ in font cmr12!
Missing character: There is no Ä in font cmr12!
Missing character: There is no ù in font cmr12!
Missing character: There is no ‚ in font cmr12!
Missing character: There is no Ä in font cmr12!
Missing character: There is no ù in font cmr12!

Overfull \hbox (532.22833pt too wide) in paragraph at lines 742--743
[][][][][][][][][][][][][][][][][][][][][][][][][][][][][][][][][][][][][][][][
][][][][][][][][][] 
 []


Overfull \hbox (447.62848pt too wide) in paragraph at lines 751--752
[][][][][][][][][][][][][][][][][][][][][][][][][][][][][][][][][][][][][][][][
][][][][][][][] 
 []

[39

]
Overfull \hbox (137.42902pt too wide) in paragraph at lines 758--759
[][][][][][][][][][][][][][][][][][][][][] 
 []

Missing character: There is no ‚ in font cmr12!
Missing character: There is no Ä in font cmr12!
Missing character: There is no ù in font cmr12!
Missing character: There is no ‚ in font cmr12!
Missing character: There is no Ä in font cmr12!
Missing character: There is no ù in font cmr12!

Overfull \hbox (193.82892pt too wide) in paragraph at lines 759--760
[][][][][][][][][][][][][][][][][][][][][][][][][][] 
 []

(/usr/share/texlive/texmf-dist/tex/latex/listings/lstlang1.sty
File: lstlang1.sty 2013/08/26 1.5b listings language file
)
(/usr/share/texlive/texmf-dist/tex/latex/listings/lstmisc.sty
File: lstmisc.sty 2013/08/26 1.5b (Carsten Heinz)
)
Overfull \hbox (45.77917pt too wide) in paragraph at lines 772--773
[][][][][][][][][][][][][][][][][][][][][][][][][][][][] 
 []


Overfull \hbox (264.3288pt too wide) in paragraph at lines 774--775
[][][][][][][][][][][][][][][][][][][][][][][][][][][][][][][][][][][][][][][][
][][][][] 
 []

[40]
Overfull \hbox (31.6792pt too wide) in paragraph at lines 815--816
[][][][][][][][][][][][][][] 
 []


Overfull \hbox (666.1781pt too wide) in paragraph at lines 839--840
[][][][][][][][][][][][][][][][][][][][][][][][][][][][][][][][][][][][][][][][
][][][][][][][][][][][][][][][][][][] 
 []


Overfull \hbox (553.3783pt too wide) in paragraph at lines 841--842
[][][][][][][][][][][][][][][][][][][][][][][][][][][][][][][][][][][][][][][][
][][][][][][][][][][][][][][][][][][][][][][][][][][][][] 
 []

[41]
Overfull \hbox (31.6792pt too wide) in paragraph at lines 855--857
[][][][][][][][][][][][][][][][] 
 []

[42]
Overfull \hbox (31.6792pt too wide) in paragraph at lines 897--898
[][][][][][][][][][][][][][] 
 []


Overfull \hbox (172.67896pt too wide) in paragraph at lines 923--924
[][][][][][][][][][][][][][][][][][][][][][][][][][][][] 
 []


Overfull \hbox (257.27881pt too wide) in paragraph at lines 925--926
[][][][][][][][][][][][][][][][][][][][][][][][][][][][][][][][][][][][][][][][
][][][][] 
 []

[43]
Overfull \hbox (95.12909pt too wide) in paragraph at lines 939--941
[][][][][][][][][][][][][][][][] 
 []


Overfull \hbox (31.6792pt too wide) in paragraph at lines 968--969
[][][][][][][][][][][][][][] 
 []


Overfull \hbox (116.27905pt too wide) in paragraph at lines 973--974
[][][][][][][][][][][][][][][][][][][][][][][][][] 
 []

[44]
Overfull \hbox (130.37903pt too wide) in paragraph at lines 995--996
[][][][][][][][][][][][][][][][][][][][][][][][][][][][][][][][][][][][] 
 []

[45]
Overfull \hbox (31.6792pt too wide) in paragraph at lines 1034--1035
[][][][][][][][][][][][][][] 
 []


Overfull \hbox (45.77917pt too wide) in paragraph at lines 1059--1060
[][][][][][][][][][][][][][][][][][][][][][][][][][][][] 
 []

LaTeX Font Info:    Font shape `OMS/cmr/m/it' in size <12> not available
(Font)              Font shape `OMS/cmsy/m/n' tried instead on input line 1064.

LaTeX Font Info:    Try loading font information for OML+cmr on input line 1067
.
(/usr/share/texlive/texmf-dist/tex/latex/base/omlcmr.fd
File: omlcmr.fd 1999/05/25 v2.5h Standard LaTeX font definitions
)
LaTeX Font Info:    Font shape `OML/cmr/m/n' in size <12> not available
(Font)              Font shape `OML/cmm/m/it' tried instead on input line 1067.


Overfull \hbox (81.02911pt too wide) in paragraph at lines 1069--1070
[][][][][][][][][][][][][][][][][][][][][][][][][] 
 []

[46]
Overfull \hbox (214.97888pt too wide) in paragraph at lines 1071--1072
[][][][][][][][][][][][][][][][][][][][][][][][][][][][][][][][][] 
 []


Overfull \hbox (546.32831pt too wide) in paragraph at lines 1076--1077
[][][][][][][][][][][][][][][][][][][][][][][][][][][][][][][][][][][][][][][][
][][][][][][][][][][][][][][][][][][][][][][][][][][][][][][][][][][][] 
 []


Overfull \hbox (137.42902pt too wide) in paragraph at lines 1077--1078
[][][][][][][][][][][][][][][][][][][][][][][][][] 
 []


Overfull \hbox (236.12885pt too wide) in paragraph at lines 1079--1080
[][][][][][][][][][][][][][][][][][][][][][][][][][][][][][][] 
 []


Overfull \hbox (116.27905pt too wide) in paragraph at lines 1082--1083
[][][][][][][][][][][][][][][][][][][][][][][][][][][][][][][][][][] 
 []


Overfull \hbox (130.37903pt too wide) in paragraph at lines 1083--1084
[][][][][][][][][][][][][][][][][][][][][][][][] 
 []


Overfull \hbox (207.9289pt too wide) in paragraph at lines 1085--1086
[][][][][][][][][][][][][][][][][][][][][][][][][][][] 
 []


Overfull \hbox (137.42902pt too wide) in paragraph at lines 1095--1096
[][][][][][][][][][][][][][][][][][][][][][][][] 
 []

[47]
Appendix B.

Overfull \hbox (38.72919pt too wide) in paragraph at lines 1116--1117
[][][][][][][][][][][][][][][][][][][][][] 
 []


Overfull \hbox (38.72919pt too wide) in paragraph at lines 1118--1119
[][][][][][][][][][][][][][][][][][][] 
 []

[48

]
Overfull \hbox (193.82892pt too wide) in paragraph at lines 1174--1177
[][][][][][][][][][][][][][][][][][][][][][][][][][][][][][][][][][][][][][] 
 []

[49]
Overfull \hbox (3.47925pt too wide) in paragraph at lines 1189--1190
[][][][][][][][][][][][][][][][][][][][][] 
 []


Overfull \hbox (123.32904pt too wide) in paragraph at lines 1197--1198
[][][][][][][][][][][][][][][][][][][] 
 []


Overfull \hbox (102.17908pt too wide) in paragraph at lines 1226--1227
[][][][][][][][][][][][][][][][][][][][][][][][][][][][][] 
 []

[50]
Overfull \hbox (320.7287pt too wide) in paragraph at lines 1230--1231
[][][][][][][][][][][][][][][][][][][][][][][][][][][][][][][][] 
 []


Overfull \hbox (257.27881pt too wide) in paragraph at lines 1233--1234
[][][][][][][][][][][][][][][][][][][][][][][][][][][][][][][][][][][][] 
 []


Overfull \hbox (31.6792pt too wide) in paragraph at lines 1242--1243
[][][][][][][][][][][][][][][][][][][][][][] 
 []

[51]
Appendix C.

Overfull \hbox (10.31578pt too wide) in paragraph at lines 1253--1253
[]\OT1/cmr/bx/n/17.28 Python script to con-vert Chem-sep.xml to open-
 []


Overfull \hbox (95.12909pt too wide) in paragraph at lines 1263--1264
[][][][][][][][][][][][][][][][][][][][] 
 []


Overfull \hbox (186.77893pt too wide) in paragraph at lines 1272--1273
[][][][][][][][][][][][][][][][][][][][] 
 []


Overfull \hbox (165.62897pt too wide) in paragraph at lines 1273--1274
[][][][][][][][][][][][][][][][][][][][] 
 []


Overfull \hbox (144.479pt too wide) in paragraph at lines 1274--1275
[][][][][][][][][][][][][][][][][][][][] 
 []


Overfull \hbox (214.97888pt too wide) in paragraph at lines 1275--1276
[][][][][][][][][][][][][][][][][][][][] 
 []


Overfull \hbox (285.47876pt too wide) in paragraph at lines 1277--1278
[][][][][][][][][][][][][][][][][][][][][] 
 []


Overfull \hbox (306.62872pt too wide) in paragraph at lines 1281--1282
[][][][][][][][][][][][][][][][][][][][][] 
 []

[52

]
Overfull \hbox (207.9289pt too wide) in paragraph at lines 1285--1286
[][][][][][][][][][][][][][][][][][][][][] 
 []


Overfull \hbox (186.77893pt too wide) in paragraph at lines 1289--1290
[][][][][][][][][][][][][][][][][][][][][] 
 []


Overfull \hbox (116.27905pt too wide) in paragraph at lines 1292--1293
[][][][][][][][][][][][][][][][][][][][][][] 
 []


Overfull \hbox (306.62872pt too wide) in paragraph at lines 1294--1295
[][][][][][][][][][][][][][][][][][][][][] 
 []


Overfull \hbox (165.62897pt too wide) in paragraph at lines 1298--1299
[][][][][][][][][][][][][][][][][][][][][] 
 []


Overfull \hbox (165.62897pt too wide) in paragraph at lines 1302--1303
[][][][][][][][][][][][][][][][][][][][][] 
 []


Overfull \hbox (144.479pt too wide) in paragraph at lines 1306--1307
[][][][][][][][][][][][][][][][][][][][][] 
 []


Overfull \hbox (109.22906pt too wide) in paragraph at lines 1310--1311
[][][][][][][][][][][][][][][][][][][][][] 
 []


Overfull \hbox (151.52899pt too wide) in paragraph at lines 1314--1315
[][][][][][][][][][][][][][][][][][][][][] 
 []


Overfull \hbox (116.27905pt too wide) in paragraph at lines 1318--1319
[][][][][][][][][][][][][][][][][][][][][] 
 []


Overfull \hbox (278.42877pt too wide) in paragraph at lines 1322--1323
[][][][][][][][][][][][][][][][][][][][][] 
 []


Overfull \hbox (109.22906pt too wide) in paragraph at lines 1326--1327
[][][][][][][][][][][][][][][][][][][][][] 
 []

[53]
Overfull \hbox (88.0791pt too wide) in paragraph at lines 1330--1331
[][][][][][][][][][][][][][][][][][][][][] 
 []


Overfull \hbox (88.0791pt too wide) in paragraph at lines 1334--1335
[][][][][][][][][][][][][][][][][][][][][] 
 []


Overfull \hbox (158.57898pt too wide) in paragraph at lines 1338--1339
[][][][][][][][][][][][][][][][][][][][][] 
 []


Overfull \hbox (81.02911pt too wide) in paragraph at lines 1345--1346
[][][][][][][][][][][][][][][][][][][][][] 
 []


Overfull \hbox (24.62921pt too wide) in paragraph at lines 1351--1352
[][][][][][][][][][][][][][][][][][][] 
 []


Overfull \hbox (102.17908pt too wide) in paragraph at lines 1363--1364
[][][][][][][][][][][][][][][][][][][][][] 
 []


Overfull \hbox (10.52924pt too wide) in paragraph at lines 1364--1365
[][][][][][][][][][][][][][][][][][][] 
 []


Overfull \hbox (10.52924pt too wide) in paragraph at lines 1365--1366
[][][][][][][][][][][][][][][][][][][] 
 []


Overfull \hbox (10.52924pt too wide) in paragraph at lines 1366--1367
[][][][][][][][][][][][][][][][][][][] 
 []


Overfull \hbox (38.72919pt too wide) in paragraph at lines 1368--1369
[][][][][][][][][][][][][][][][][][][] 
 []

[54]
Overfull \hbox (38.72919pt too wide) in paragraph at lines 1372--1373
[][][][][][][][][][][][][][][][][][][] 
 []


Overfull \hbox (3.47925pt too wide) in paragraph at lines 1383--1384
[][][][][][][][][][][][][][][] 
 []


Overfull \hbox (73.97913pt too wide) in paragraph at lines 1384--1385
[][][][][][][][][][][][][][][][][][][][][] 
 []


Overfull \hbox (10.52924pt too wide) in paragraph at lines 1385--1386
[][][][][][][][][][][][][][][][][][][] 
 []


Overfull \hbox (10.52924pt too wide) in paragraph at lines 1386--1387
[][][][][][][][][][][][][][][][][][][] 
 []


Overfull \hbox (10.52924pt too wide) in paragraph at lines 1387--1388
[][][][][][][][][][][][][][][][][][][] 
 []


Overfull \hbox (38.72919pt too wide) in paragraph at lines 1389--1390
[][][][][][][][][][][][][][][][][][][] 
 []


Overfull \hbox (38.72919pt too wide) in paragraph at lines 1393--1394
[][][][][][][][][][][][][][][][][][][] 
 []


Overfull \hbox (45.77917pt too wide) in paragraph at lines 1405--1406
[][][][][][][][][][][][][][][][][][][][][] 
 []


Overfull \hbox (24.62921pt too wide) in paragraph at lines 1410--1411
[][][][][][][][][][][][][][][][][][][] 
 []


Overfull \hbox (24.62921pt too wide) in paragraph at lines 1414--1415
[][][][][][][][][][][][][][][][][][][] 
 []

[55]
Overfull \hbox (38.72919pt too wide) in paragraph at lines 1431--1432
[][][][][][][][][][][][][][][][][][][][][][][][][][][][][][][][][][][][][][] 
 []


Overfull \hbox (17.57922pt too wide) in paragraph at lines 1437--1438
[][][][][][][][][][][][][][][] 
 []


Overfull \hbox (73.97913pt too wide) in paragraph at lines 1438--1439
[][][][][][][][][][][][][][][][][][][][][] 
 []


Overfull \hbox (10.52924pt too wide) in paragraph at lines 1439--1440
[][][][][][][][][][][][][][][][][][][] 
 []


Overfull \hbox (10.52924pt too wide) in paragraph at lines 1440--1441
[][][][][][][][][][][][][][][][][][][] 
 []


Overfull \hbox (10.52924pt too wide) in paragraph at lines 1441--1442
[][][][][][][][][][][][][][][][][][][] 
 []


Overfull \hbox (38.72919pt too wide) in paragraph at lines 1443--1444
[][][][][][][][][][][][][][][][][][][] 
 []


Overfull \hbox (38.72919pt too wide) in paragraph at lines 1447--1448
[][][][][][][][][][][][][][][][][][][] 
 []


Overfull \hbox (88.0791pt too wide) in paragraph at lines 1460--1461
[][][][][][][][][][][][][][][][][][][][][] 
 []


Overfull \hbox (38.72919pt too wide) in paragraph at lines 1461--1462
[][][][][][][][][][][][][][][][][][][] 
 []

[56]
Overfull \hbox (38.72919pt too wide) in paragraph at lines 1462--1463
[][][][][][][][][][][][][][][][][][][] 
 []


Overfull \hbox (38.72919pt too wide) in paragraph at lines 1463--1464
[][][][][][][][][][][][][][][][][][][] 
 []


Overfull \hbox (66.92914pt too wide) in paragraph at lines 1465--1466
[][][][][][][][][][][][][][][][][][][] 
 []


Overfull \hbox (66.92914pt too wide) in paragraph at lines 1469--1470
[][][][][][][][][][][][][][][][][][][] 
 []


Overfull \hbox (88.0791pt too wide) in paragraph at lines 1482--1483
[][][][][][][][][][][][][][][][][][][][][] 
 []


Overfull \hbox (38.72919pt too wide) in paragraph at lines 1483--1484
[][][][][][][][][][][][][][][][][][][] 
 []


Overfull \hbox (38.72919pt too wide) in paragraph at lines 1484--1485
[][][][][][][][][][][][][][][][][][][] 
 []


Overfull \hbox (38.72919pt too wide) in paragraph at lines 1485--1486
[][][][][][][][][][][][][][][][][][][] 
 []


Overfull \hbox (66.92914pt too wide) in paragraph at lines 1487--1488
[][][][][][][][][][][][][][][][][][][] 
 []


Overfull \hbox (66.92914pt too wide) in paragraph at lines 1491--1492
[][][][][][][][][][][][][][][][][][][] 
 []


Overfull \hbox (31.6792pt too wide) in paragraph at lines 1504--1505
[][][][][][][][][][][][][][][] 
 []


Overfull \hbox (59.87915pt too wide) in paragraph at lines 1505--1506
[][][][][][][][][][][][][][][][][][][][][] 
 []


Overfull \hbox (10.52924pt too wide) in paragraph at lines 1506--1507
[][][][][][][][][][][][][][][][][][][] 
 []

[57]
Overfull \hbox (10.52924pt too wide) in paragraph at lines 1507--1508
[][][][][][][][][][][][][][][][][][][] 
 []


Overfull \hbox (10.52924pt too wide) in paragraph at lines 1508--1509
[][][][][][][][][][][][][][][][][][][] 
 []


Overfull \hbox (38.72919pt too wide) in paragraph at lines 1510--1511
[][][][][][][][][][][][][][][][][][][] 
 []


Overfull \hbox (38.72919pt too wide) in paragraph at lines 1514--1515
[][][][][][][][][][][][][][][][][][][] 
 []


Overfull \hbox (24.62921pt too wide) in paragraph at lines 1526--1527
[][][][][][][][][][][][][][][] 
 []


Overfull \hbox (59.87915pt too wide) in paragraph at lines 1527--1528
[][][][][][][][][][][][][][][][][][][][][] 
 []


Overfull \hbox (10.52924pt too wide) in paragraph at lines 1528--1529
[][][][][][][][][][][][][][][][][][][] 
 []


Overfull \hbox (10.52924pt too wide) in paragraph at lines 1529--1530
[][][][][][][][][][][][][][][][][][][] 
 []


Overfull \hbox (10.52924pt too wide) in paragraph at lines 1530--1531
[][][][][][][][][][][][][][][][][][][] 
 []


Overfull \hbox (38.72919pt too wide) in paragraph at lines 1532--1533
[][][][][][][][][][][][][][][][][][][] 
 []


Overfull \hbox (38.72919pt too wide) in paragraph at lines 1536--1537
[][][][][][][][][][][][][][][][][][][] 
 []

[58]
Overfull \hbox (31.6792pt too wide) in paragraph at lines 1594--1595
[][][][][][][][][][][][][][][][][][][][][][][][][][][][][][][][][][][][][][][][
][][][][][][][][][][] 
 []


Overfull \hbox (45.77917pt too wide) in paragraph at lines 1596--1597
[][][][][][][][][][][][][][][][][][][][][][][][][][][][][][][][][][][][][][][][
][][][][][][][][][][] 
 []

[59]
Overfull \hbox (123.32904pt too wide) in paragraph at lines 1598--1599
[][][][][][][][][][][][][][][][][][][][][][][][][][][][][][][][][][][][][][][][
][][][][][][][][][][] 
 []


Overfull \hbox (95.12909pt too wide) in paragraph at lines 1600--1601
[][][][][][][][][][][][][][][][][][][][][][][][][][][][][][][][][][][][][][][][
][][][][][][][][][][] 
 []


Overfull \hbox (123.32904pt too wide) in paragraph at lines 1602--1603
[][][][][][][][][][][][][][][][][][][][][][][][][][][][][][][][][][][][][][][][
][][][][][][][][][][] 
 []


Overfull \hbox (243.17883pt too wide) in paragraph at lines 1604--1605
[][][][][][][][][][][][][][][][][][][][][][][][][][][][][][][][][][][][][][][][
][][][][][][][][][][] 
 []


Overfull \hbox (243.17883pt too wide) in paragraph at lines 1606--1607
[][][][][][][][][][][][][][][][][][][][][][][][][][][][][][][][][][][][][][][][
][][][][][][][][][][] 
 []


Overfull \hbox (144.479pt too wide) in paragraph at lines 1608--1609
[][][][][][][][][][][][][][][][][][][][][][][][][][][][][][][][][][][][][][][][
][][][][][][][][][][] 
 []


Overfull \hbox (144.479pt too wide) in paragraph at lines 1610--1611
[][][][][][][][][][][][][][][][][][][][][][][][][][][][][][][][][][][][][][][][
][][][][][][][][][][] 
 []

No file MtechIIReport.bbl.
[60] (./MtechIIReport.aux)

LaTeX Warning: There were undefined references.


LaTeX Warning: Label(s) may have changed. Rerun to get cross-references right.

 ) 
Here is how much of TeX's memory you used:
 19708 strings out of 495028
 364145 string characters out of 6181496
 464629 words of memory out of 5000000
 22522 multiletter control sequences out of 15000+600000
 10127 words of font info for 36 fonts, out of 8000000 for 9000
 14 hyphenation exceptions out of 8191
 68i,9n,65p,10492b,1615s stack positions out of 5000i,500n,10000p,200000b,80000s
</usr/share/texlive/texmf-dist/fonts/type1/public/amsfonts/cm/cmbx12.pfb></us
r/share/texlive/texmf-dist/fonts/type1/public/amsfonts/cm/cmex10.pfb></usr/shar
e/texlive/texmf-dist/fonts/type1/public/amsfonts/cm/cmmi12.pfb></usr/share/texl
ive/texmf-dist/fonts/type1/public/amsfonts/cm/cmmi8.pfb></usr/share/texlive/tex
mf-dist/fonts/type1/public/amsfonts/cm/cmr12.pfb></usr/share/texlive/texmf-dist
/fonts/type1/public/amsfonts/cm/cmr17.pfb></usr/share/texlive/texmf-dist/fonts/
type1/public/amsfonts/cm/cmr8.pfb></usr/share/texlive/texmf-dist/fonts/type1/pu
blic/amsfonts/cm/cmsy10.pfb></usr/share/texlive/texmf-dist/fonts/type1/public/a
msfonts/cm/cmsy8.pfb></usr/share/texlive/texmf-dist/fonts/type1/public/amsfonts
/cm/cmti12.pfb>
Output written on MtechIIReport.pdf (62 pages, 375107 bytes).
PDF statistics:
 253 PDF objects out of 1000 (max. 8388607)
 173 compressed objects within 2 object streams
 0 named destinations out of 1000 (max. 500000)
 23 words of extra memory for PDF output out of 10000 (max. 10000000)

